[0.017s] Invoking command in '/home/ductrung/ros2_ws/build/my_robot_bringup': CMAKE_PREFIX_PATH=/home/ductrung/ros2_ws/install/my_robot_description:/home/ductrung/ros2_ws/install/my_robot_bringup:/opt/ros/humble /usr/bin/cmake --build /home/ductrung/ros2_ws/build/my_robot_bringup -- -j4 -l4
[0.177s] Invoked command in '/home/ductrung/ros2_ws/build/my_robot_bringup' returned '0': CMAKE_PREFIX_PATH=/home/ductrung/ros2_ws/install/my_robot_description:/home/ductrung/ros2_ws/install/my_robot_bringup:/opt/ros/humble /usr/bin/cmake --build /home/ductrung/ros2_ws/build/my_robot_bringup -- -j4 -l4
[0.268s] Invoking command in '/home/ductrung/ros2_ws/build/my_robot_bringup': CMAKE_PREFIX_PATH=/home/ductrung/ros2_ws/install/my_robot_description:/home/ductrung/ros2_ws/install/my_robot_bringup:/opt/ros/humble /usr/bin/cmake --install /home/ductrung/ros2_ws/build/my_robot_bringup
[0.282s] -- Install configuration: ""
[0.283s] -- Execute custom install script
[0.284s] -- Up-to-date symlink: /home/ductrung/ros2_ws/install/my_robot_bringup/share/my_robot_bringup//launch/my_robot_gazebo.launch.xml
[0.285s] -- Up-to-date symlink: /home/ductrung/ros2_ws/install/my_robot_bringup/share/ament_index/resource_index/package_run_dependencies/my_robot_bringup
[0.286s] -- Up-to-date symlink: /home/ductrung/ros2_ws/install/my_robot_bringup/share/ament_index/resource_index/parent_prefix_path/my_robot_bringup
[0.286s] -- Up-to-date symlink: /home/ductrung/ros2_ws/install/my_robot_bringup/share/my_robot_bringup/environment/ament_prefix_path.sh
[0.286s] -- Up-to-date symlink: /home/ductrung/ros2_ws/install/my_robot_bringup/share/my_robot_bringup/environment/ament_prefix_path.dsv
[0.286s] -- Up-to-date symlink: /home/ductrung/ros2_ws/install/my_robot_bringup/share/my_robot_bringup/environment/path.sh
[0.286s] -- Up-to-date symlink: /home/ductrung/ros2_ws/install/my_robot_bringup/share/my_robot_bringup/environment/path.dsv
[0.286s] -- Up-to-date symlink: /home/ductrung/ros2_ws/install/my_robot_bringup/share/my_robot_bringup/local_setup.bash
[0.286s] -- Up-to-date symlink: /home/ductrung/ros2_ws/install/my_robot_bringup/share/my_robot_bringup/local_setup.sh
[0.286s] -- Up-to-date symlink: /home/ductrung/ros2_ws/install/my_robot_bringup/share/my_robot_bringup/local_setup.zsh
[0.286s] -- Up-to-date symlink: /home/ductrung/ros2_ws/install/my_robot_bringup/share/my_robot_bringup/local_setup.dsv
[0.287s] -- Symlinking: /home/ductrung/ros2_ws/install/my_robot_bringup/share/my_robot_bringup/package.dsv
[0.301s] -- Up-to-date symlink: /home/ductrung/ros2_ws/install/my_robot_bringup/share/ament_index/resource_index/packages/my_robot_bringup
[0.301s] -- Up-to-date symlink: /home/ductrung/ros2_ws/install/my_robot_bringup/share/my_robot_bringup/cmake/my_robot_bringupConfig.cmake
[0.301s] -- Up-to-date symlink: /home/ductrung/ros2_ws/install/my_robot_bringup/share/my_robot_bringup/cmake/my_robot_bringupConfig-version.cmake
[0.302s] -- Up-to-date symlink: /home/ductrung/ros2_ws/install/my_robot_bringup/share/my_robot_bringup/package.xml
[0.306s] Invoked command in '/home/ductrung/ros2_ws/build/my_robot_bringup' returned '0': CMAKE_PREFIX_PATH=/home/ductrung/ros2_ws/install/my_robot_description:/home/ductrung/ros2_ws/install/my_robot_bringup:/opt/ros/humble /usr/bin/cmake --install /home/ductrung/ros2_ws/build/my_robot_bringup
