[0.016s] Invoking command in '/home/ductrung/ros2_ws/build/my_robot_description': CMAKE_PREFIX_PATH=${CMAKE_PREFIX_PATH}:/opt/ros/humble /usr/bin/cmake --build /home/ductrung/ros2_ws/build/my_robot_description -- -j4 -l4
[0.096s] Invoked command in '/home/ductrung/ros2_ws/build/my_robot_description' returned '0': CMAKE_PREFIX_PATH=${CMAKE_PREFIX_PATH}:/opt/ros/humble /usr/bin/cmake --build /home/ductrung/ros2_ws/build/my_robot_description -- -j4 -l4
[0.215s] Invoking command in '/home/ductrung/ros2_ws/build/my_robot_description': CMAKE_PREFIX_PATH=${CMAKE_PREFIX_PATH}:/opt/ros/humble /usr/bin/cmake --install /home/ductrung/ros2_ws/build/my_robot_description
[0.228s] -- Install configuration: ""
[0.228s] -- Execute custom install script
[0.230s] -- Up-to-date symlink: /home/ductrung/ros2_ws/install/my_robot_description/share/my_robot_description//urdf/common_properties.xacro
[0.230s] -- Up-to-date symlink: /home/ductrung/ros2_ws/install/my_robot_description/share/my_robot_description//urdf/mobile_base.xacro
[0.230s] -- Up-to-date symlink: /home/ductrung/ros2_ws/install/my_robot_description/share/my_robot_description//urdf/my_robot.urdf.xacro
[0.240s] -- Up-to-date symlink: /home/ductrung/ros2_ws/install/my_robot_description/share/my_robot_description//launch/display.launch.xml
[0.241s] -- Up-to-date symlink: /home/ductrung/ros2_ws/install/my_robot_description/share/my_robot_description//meshes/De.STL
[0.241s] -- Up-to-date symlink: /home/ductrung/ros2_ws/install/my_robot_description/share/my_robot_description//meshes/Than.STL
[0.241s] -- Up-to-date symlink: /home/ductrung/ros2_ws/install/my_robot_description/share/ament_index/resource_index/package_run_dependencies/my_robot_description
[0.241s] -- Up-to-date symlink: /home/ductrung/ros2_ws/install/my_robot_description/share/ament_index/resource_index/parent_prefix_path/my_robot_description
[0.241s] -- Up-to-date symlink: /home/ductrung/ros2_ws/install/my_robot_description/share/my_robot_description/environment/ament_prefix_path.sh
[0.241s] -- Up-to-date symlink: /home/ductrung/ros2_ws/install/my_robot_description/share/my_robot_description/environment/ament_prefix_path.dsv
[0.241s] -- Up-to-date symlink: /home/ductrung/ros2_ws/install/my_robot_description/share/my_robot_description/environment/path.sh
[0.241s] -- Up-to-date symlink: /home/ductrung/ros2_ws/install/my_robot_description/share/my_robot_description/environment/path.dsv
[0.241s] -- Up-to-date symlink: /home/ductrung/ros2_ws/install/my_robot_description/share/my_robot_description/local_setup.bash
[0.241s] -- Up-to-date symlink: /home/ductrung/ros2_ws/install/my_robot_description/share/my_robot_description/local_setup.sh
[0.241s] -- Up-to-date symlink: /home/ductrung/ros2_ws/install/my_robot_description/share/my_robot_description/local_setup.zsh
[0.241s] -- Up-to-date symlink: /home/ductrung/ros2_ws/install/my_robot_description/share/my_robot_description/local_setup.dsv
[0.241s] -- Symlinking: /home/ductrung/ros2_ws/install/my_robot_description/share/my_robot_description/package.dsv
[0.258s] -- Up-to-date symlink: /home/ductrung/ros2_ws/install/my_robot_description/share/ament_index/resource_index/packages/my_robot_description
[0.258s] -- Up-to-date symlink: /home/ductrung/ros2_ws/install/my_robot_description/share/my_robot_description/cmake/my_robot_descriptionConfig.cmake
[0.258s] -- Up-to-date symlink: /home/ductrung/ros2_ws/install/my_robot_description/share/my_robot_description/cmake/my_robot_descriptionConfig-version.cmake
[0.259s] -- Up-to-date symlink: /home/ductrung/ros2_ws/install/my_robot_description/share/my_robot_description/package.xml
[0.267s] Invoked command in '/home/ductrung/ros2_ws/build/my_robot_description' returned '0': CMAKE_PREFIX_PATH=${CMAKE_PREFIX_PATH}:/opt/ros/humble /usr/bin/cmake --install /home/ductrung/ros2_ws/build/my_robot_description
