[0.018s] Invoking command in '/home/ductrung/ros2_ws/src/build/my_robot_description': CMAKE_PREFIX_PATH=${CMAKE_PREFIX_PATH}:/opt/ros/humble /usr/bin/cmake /home/ductrung/ros2_ws/src/my_robot_description -DCMAKE_INSTALL_PREFIX=/home/ductrung/ros2_ws/src/install/my_robot_description
[0.283s] -- The C compiler identification is GNU 11.4.0
[0.465s] -- The CXX compiler identification is GNU 11.4.0
[0.487s] -- Detecting C compiler ABI info
[0.607s] -- Detecting C compiler ABI info - done
[0.614s] -- Check for working C compiler: /usr/bin/cc - skipped
[0.615s] -- Detecting C compile features
[0.616s] -- Detecting C compile features - done
[0.621s] -- Detecting CXX compiler ABI info
[0.748s] -- Detecting CXX compiler ABI info - done
[0.754s] -- Check for working CXX compiler: /usr/bin/c++ - skipped
[0.754s] -- Detecting CXX compile features
[0.755s] -- Detecting CXX compile features - done
[0.765s] -- Found ament_cmake: 1.3.10 (/opt/ros/humble/share/ament_cmake/cmake)
[0.954s] -- Found Python3: /usr/bin/python3 (found version "3.10.12") found components: Interpreter 
[1.144s] -- Configuring done
[1.149s] -- Generating done
[1.149s] -- Build files have been written to: /home/ductrung/ros2_ws/src/build/my_robot_description
[1.157s] Invoked command in '/home/ductrung/ros2_ws/src/build/my_robot_description' returned '0': CMAKE_PREFIX_PATH=${CMAKE_PREFIX_PATH}:/opt/ros/humble /usr/bin/cmake /home/ductrung/ros2_ws/src/my_robot_description -DCMAKE_INSTALL_PREFIX=/home/ductrung/ros2_ws/src/install/my_robot_description
[1.161s] Invoking command in '/home/ductrung/ros2_ws/src/build/my_robot_description': CMAKE_PREFIX_PATH=${CMAKE_PREFIX_PATH}:/opt/ros/humble /usr/bin/cmake --build /home/ductrung/ros2_ws/src/build/my_robot_description -- -j4 -l4
[1.203s] Invoked command in '/home/ductrung/ros2_ws/src/build/my_robot_description' returned '0': CMAKE_PREFIX_PATH=${CMAKE_PREFIX_PATH}:/opt/ros/humble /usr/bin/cmake --build /home/ductrung/ros2_ws/src/build/my_robot_description -- -j4 -l4
[1.268s] Invoking command in '/home/ductrung/ros2_ws/src/build/my_robot_description': CMAKE_PREFIX_PATH=${CMAKE_PREFIX_PATH}:/opt/ros/humble /usr/bin/cmake --install /home/ductrung/ros2_ws/src/build/my_robot_description
[1.275s] -- Install configuration: ""
[1.275s] -- Installing: /home/ductrung/ros2_ws/src/install/my_robot_description/share/my_robot_description//urdf
[1.276s] -- Installing: /home/ductrung/ros2_ws/src/install/my_robot_description/share/my_robot_description//urdf/my_robot.urdf.xacro
[1.276s] -- Installing: /home/ductrung/ros2_ws/src/install/my_robot_description/share/my_robot_description//launch
[1.276s] -- Installing: /home/ductrung/ros2_ws/src/install/my_robot_description/share/my_robot_description//launch/display.launch.xml
[1.276s] -- Installing: /home/ductrung/ros2_ws/src/install/my_robot_description/share/ament_index/resource_index/package_run_dependencies/my_robot_description
[1.276s] -- Installing: /home/ductrung/ros2_ws/src/install/my_robot_description/share/ament_index/resource_index/parent_prefix_path/my_robot_description
[1.277s] -- Installing: /home/ductrung/ros2_ws/src/install/my_robot_description/share/my_robot_description/environment/ament_prefix_path.sh
[1.277s] -- Installing: /home/ductrung/ros2_ws/src/install/my_robot_description/share/my_robot_description/environment/ament_prefix_path.dsv
[1.277s] -- Installing: /home/ductrung/ros2_ws/src/install/my_robot_description/share/my_robot_description/environment/path.sh
[1.277s] -- Installing: /home/ductrung/ros2_ws/src/install/my_robot_description/share/my_robot_description/environment/path.dsv
[1.277s] -- Installing: /home/ductrung/ros2_ws/src/install/my_robot_description/share/my_robot_description/local_setup.bash
[1.277s] -- Installing: /home/ductrung/ros2_ws/src/install/my_robot_description/share/my_robot_description/local_setup.sh
[1.278s] -- Installing: /home/ductrung/ros2_ws/src/install/my_robot_description/share/my_robot_description/local_setup.zsh
[1.280s] -- Installing: /home/ductrung/ros2_ws/src/install/my_robot_description/share/my_robot_description/local_setup.dsv
[1.280s] -- Installing: /home/ductrung/ros2_ws/src/install/my_robot_description/share/my_robot_description/package.dsv
[1.280s] -- Installing: /home/ductrung/ros2_ws/src/install/my_robot_description/share/ament_index/resource_index/packages/my_robot_description
[1.280s] -- Installing: /home/ductrung/ros2_ws/src/install/my_robot_description/share/my_robot_description/cmake/my_robot_descriptionConfig.cmake
[1.280s] -- Installing: /home/ductrung/ros2_ws/src/install/my_robot_description/share/my_robot_description/cmake/my_robot_descriptionConfig-version.cmake
[1.280s] -- Installing: /home/ductrung/ros2_ws/src/install/my_robot_description/share/my_robot_description/package.xml
[1.282s] Invoked command in '/home/ductrung/ros2_ws/src/build/my_robot_description' returned '0': CMAKE_PREFIX_PATH=${CMAKE_PREFIX_PATH}:/opt/ros/humble /usr/bin/cmake --install /home/ductrung/ros2_ws/src/build/my_robot_description
