[0.051s] Invoking command in '/home/ductrung/ros2_ws/build/my_robot_description': CMAKE_PREFIX_PATH=${CMAKE_PREFIX_PATH}:/opt/ros/humble /usr/bin/cmake --build /home/ductrung/ros2_ws/build/my_robot_description -- -j4 -l4
[0.250s] Invoked command in '/home/ductrung/ros2_ws/build/my_robot_description' returned '0': CMAKE_PREFIX_PATH=${CMAKE_PREFIX_PATH}:/opt/ros/humble /usr/bin/cmake --build /home/ductrung/ros2_ws/build/my_robot_description -- -j4 -l4
[0.312s] Invoking command in '/home/ductrung/ros2_ws/build/my_robot_description': CMAKE_PREFIX_PATH=${CMAKE_PREFIX_PATH}:/opt/ros/humble /usr/bin/cmake --install /home/ductrung/ros2_ws/build/my_robot_description
[0.323s] -- Install configuration: ""
[0.330s] -- Execute custom install script
[0.350s] -- Up-to-date symlink: /home/ductrung/ros2_ws/install/my_robot_description/share/my_robot_description//urdf/common_properties.xacro
[0.353s] -- Up-to-date symlink: /home/ductrung/ros2_ws/install/my_robot_description/share/my_robot_description//urdf/mobile_base.xacro
[0.354s] -- Up-to-date symlink: /home/ductrung/ros2_ws/install/my_robot_description/share/my_robot_description//urdf/my_robot.urdf.xacro
[0.356s] -- Up-to-date symlink: /home/ductrung/ros2_ws/install/my_robot_description/share/my_robot_description//launch/display.launch.xml
[0.356s] -- Symlinking: /home/ductrung/ros2_ws/install/my_robot_description/share/my_robot_description//meshes/Banh_phu_assems.STL
[0.370s] -- Symlinking: /home/ductrung/ros2_ws/install/my_robot_description/share/my_robot_description//meshes/Robot_assems_(base).STL
[0.381s] -- Symlinking: /home/ductrung/ros2_ws/install/my_robot_description/share/my_robot_description//meshes/wheels_left.STL
[0.391s] -- Symlinking: /home/ductrung/ros2_ws/install/my_robot_description/share/my_robot_description//meshes/wheels_right.STL
[0.406s] -- Up-to-date symlink: /home/ductrung/ros2_ws/install/my_robot_description/share/ament_index/resource_index/package_run_dependencies/my_robot_description
[0.407s] -- Up-to-date symlink: /home/ductrung/ros2_ws/install/my_robot_description/share/ament_index/resource_index/parent_prefix_path/my_robot_description
[0.409s] -- Up-to-date symlink: /home/ductrung/ros2_ws/install/my_robot_description/share/my_robot_description/environment/ament_prefix_path.sh
[0.409s] -- Up-to-date symlink: /home/ductrung/ros2_ws/install/my_robot_description/share/my_robot_description/environment/ament_prefix_path.dsv
[0.409s] -- Up-to-date symlink: /home/ductrung/ros2_ws/install/my_robot_description/share/my_robot_description/environment/path.sh
[0.410s] -- Up-to-date symlink: /home/ductrung/ros2_ws/install/my_robot_description/share/my_robot_description/environment/path.dsv
[0.410s] -- Up-to-date symlink: /home/ductrung/ros2_ws/install/my_robot_description/share/my_robot_description/local_setup.bash
[0.411s] -- Up-to-date symlink: /home/ductrung/ros2_ws/install/my_robot_description/share/my_robot_description/local_setup.sh
[0.411s] -- Up-to-date symlink: /home/ductrung/ros2_ws/install/my_robot_description/share/my_robot_description/local_setup.zsh
[0.412s] -- Up-to-date symlink: /home/ductrung/ros2_ws/install/my_robot_description/share/my_robot_description/local_setup.dsv
[0.412s] -- Symlinking: /home/ductrung/ros2_ws/install/my_robot_description/share/my_robot_description/package.dsv
[0.425s] -- Up-to-date symlink: /home/ductrung/ros2_ws/install/my_robot_description/share/ament_index/resource_index/packages/my_robot_description
[0.427s] -- Up-to-date symlink: /home/ductrung/ros2_ws/install/my_robot_description/share/my_robot_description/cmake/my_robot_descriptionConfig.cmake
[0.427s] -- Up-to-date symlink: /home/ductrung/ros2_ws/install/my_robot_description/share/my_robot_description/cmake/my_robot_descriptionConfig-version.cmake
[0.427s] -- Up-to-date symlink: /home/ductrung/ros2_ws/install/my_robot_description/share/my_robot_description/package.xml
[0.454s] Invoked command in '/home/ductrung/ros2_ws/build/my_robot_description' returned '0': CMAKE_PREFIX_PATH=${CMAKE_PREFIX_PATH}:/opt/ros/humble /usr/bin/cmake --install /home/ductrung/ros2_ws/build/my_robot_description
