[0mCMake Deprecation Warning at CMakeLists.txt:1 (cmake_minimum_required):
  Compatibility with CMake < 2.8.12 will be removed from a future version of
  CMake.

  Update the VERSION argument <min> value or use a ...<max> suffix to tell
  CMake that the project does not need compatibility with older versions.

[0m
[0mCMake Error: Could not find cmake module file: CMakeDetermineURDFCompiler.cmake[0m
[0mCMake Error: Error required internal CMake variable not set, cmake may not be built correctly.
Missing variable is:
CMAKE_URDF_COMPILER_ENV_VAR[0m
[0mCMake Error: Error required internal CMake variable not set, cmake may not be built correctly.
Missing variable is:
CMAKE_URDF_COMPILER[0m
[0mCMake Error: Could not find cmake module file: /home/ductrung/ros2_ws/build/Robot/CMakeFiles/3.22.1/CMakeURDFCompiler.cmake[0m
[31mCMake Error at CMakeLists.txt:3 (project):
  No CMAKE_URDF_COMPILER could be found.

  Tell CMake where to find the compiler by setting the CMake cache entry
  CMAKE_URDF_COMPILER to the full path to the compiler, or to the compiler
  name if it is in the PATH.

[0m
[0mCMake Error: Could not find cmake module file: CMakeURDFInformation.cmake[0m
[0mCMake Error: CMAKE_URDF_COMPILER not set, after EnableLanguage[0m
-- Configuring incomplete, errors occurred!
See also "/home/ductrung/ros2_ws/build/Robot/CMakeFiles/CMakeOutput.log".
