[0.044s] Invoking command in '/home/ductrung/ros2_ws/build/Robot': /usr/bin/cmake /home/ductrung/ros2_ws/src/Robot URDF -DCMAKE_INSTALL_PREFIX=/home/ductrung/ros2_ws/install/Robot
[0.049s] [0mCMake Deprecation Warning at CMakeLists.txt:1 (cmake_minimum_required):
[0.049s]   Compatibility with CMake < 2.8.12 will be removed from a future version of
[0.049s]   CMake.
[0.049s] 
[0.049s]   Update the VERSION argument <min> value or use a ...<max> suffix to tell
[0.049s]   CMake that the project does not need compatibility with older versions.
[0.049s] 
[0.049s] [0m
[0.049s] [0mCMake Error: Could not find cmake module file: CMakeDetermineURDFCompiler.cmake[0m
[0.049s] [0mCMake Error: Error required internal CMake variable not set, cmake may not be built correctly.
[0.049s] Missing variable is:
[0.049s] CMAKE_URDF_COMPILER_ENV_VAR[0m
[0.049s] [0mCMake Error: Error required internal CMake variable not set, cmake may not be built correctly.
[0.049s] Missing variable is:
[0.049s] CMAKE_URDF_COMPILER[0m
[0.050s] [0mCMake Error: Could not find cmake module file: /home/ductrung/ros2_ws/build/Robot/CMakeFiles/3.22.1/CMakeURDFCompiler.cmake[0m
[0.050s] [31mCMake Error at CMakeLists.txt:3 (project):
[0.050s]   No CMAKE_URDF_COMPILER could be found.
[0.050s] 
[0.050s]   Tell CMake where to find the compiler by setting the CMake cache entry
[0.050s]   CMAKE_URDF_COMPILER to the full path to the compiler, or to the compiler
[0.050s]   name if it is in the PATH.
[0.050s] 
[0.050s] [0m
[0.050s] [0mCMake Error: Could not find cmake module file: CMakeURDFInformation.cmake[0m
[0.050s] [0mCMake Error: CMAKE_URDF_COMPILER not set, after EnableLanguage[0m
[0.051s] -- Configuring incomplete, errors occurred!
[0.051s] See also "/home/ductrung/ros2_ws/build/Robot/CMakeFiles/CMakeOutput.log".
[0.058s] Invoked command in '/home/ductrung/ros2_ws/build/Robot' returned '1': /usr/bin/cmake /home/ductrung/ros2_ws/src/Robot URDF -DCMAKE_INSTALL_PREFIX=/home/ductrung/ros2_ws/install/Robot
