[0.016s] Invoking command in '/home/ductrung/ros2_ws/build/my_robot_bringup': CMAKE_PREFIX_PATH=/home/ductrung/ros2_ws/install/my_robot_description:/home/ductrung/ros2_ws/install/my_robot_bringup:/opt/ros/humble /usr/bin/cmake /home/ductrung/ros2_ws/src/my_robot_bringup -DCMAKE_INSTALL_PREFIX=/home/ductrung/ros2_ws/install/my_robot_bringup
[0.049s] -- Found ament_cmake: 1.3.10 (/opt/ros/humble/share/ament_cmake/cmake)
[0.190s] -- Override CMake install command with custom implementation using symlinks instead of copying resources
[0.305s] -- Configuring done
[0.321s] -- Generating done
[0.324s] -- Build files have been written to: /home/ductrung/ros2_ws/build/my_robot_bringup
[0.330s] Invoked command in '/home/ductrung/ros2_ws/build/my_robot_bringup' returned '0': CMAKE_PREFIX_PATH=/home/ductrung/ros2_ws/install/my_robot_description:/home/ductrung/ros2_ws/install/my_robot_bringup:/opt/ros/humble /usr/bin/cmake /home/ductrung/ros2_ws/src/my_robot_bringup -DCMAKE_INSTALL_PREFIX=/home/ductrung/ros2_ws/install/my_robot_bringup
[0.331s] Invoking command in '/home/ductrung/ros2_ws/build/my_robot_bringup': CMAKE_PREFIX_PATH=/home/ductrung/ros2_ws/install/my_robot_description:/home/ductrung/ros2_ws/install/my_robot_bringup:/opt/ros/humble /usr/bin/cmake --build /home/ductrung/ros2_ws/build/my_robot_bringup -- -j4 -l4
[0.376s] Invoked command in '/home/ductrung/ros2_ws/build/my_robot_bringup' returned '0': CMAKE_PREFIX_PATH=/home/ductrung/ros2_ws/install/my_robot_description:/home/ductrung/ros2_ws/install/my_robot_bringup:/opt/ros/humble /usr/bin/cmake --build /home/ductrung/ros2_ws/build/my_robot_bringup -- -j4 -l4
[0.433s] Invoking command in '/home/ductrung/ros2_ws/build/my_robot_bringup': CMAKE_PREFIX_PATH=/home/ductrung/ros2_ws/install/my_robot_description:/home/ductrung/ros2_ws/install/my_robot_bringup:/opt/ros/humble /usr/bin/cmake --install /home/ductrung/ros2_ws/build/my_robot_bringup
[0.442s] -- Install configuration: ""
[0.442s] -- Execute custom install script
[0.444s] -- Up-to-date symlink: /home/ductrung/ros2_ws/install/my_robot_bringup/share/my_robot_bringup//launch/my_robot_gazebo.launch.xml
[0.444s] -- Up-to-date symlink: /home/ductrung/ros2_ws/install/my_robot_bringup/share/ament_index/resource_index/package_run_dependencies/my_robot_bringup
[0.445s] -- Up-to-date symlink: /home/ductrung/ros2_ws/install/my_robot_bringup/share/ament_index/resource_index/parent_prefix_path/my_robot_bringup
[0.446s] -- Up-to-date symlink: /home/ductrung/ros2_ws/install/my_robot_bringup/share/my_robot_bringup/environment/ament_prefix_path.sh
[0.446s] -- Up-to-date symlink: /home/ductrung/ros2_ws/install/my_robot_bringup/share/my_robot_bringup/environment/ament_prefix_path.dsv
[0.446s] -- Up-to-date symlink: /home/ductrung/ros2_ws/install/my_robot_bringup/share/my_robot_bringup/environment/path.sh
[0.447s] -- Up-to-date symlink: /home/ductrung/ros2_ws/install/my_robot_bringup/share/my_robot_bringup/environment/path.dsv
[0.448s] -- Up-to-date symlink: /home/ductrung/ros2_ws/install/my_robot_bringup/share/my_robot_bringup/local_setup.bash
[0.448s] -- Up-to-date symlink: /home/ductrung/ros2_ws/install/my_robot_bringup/share/my_robot_bringup/local_setup.sh
[0.449s] -- Up-to-date symlink: /home/ductrung/ros2_ws/install/my_robot_bringup/share/my_robot_bringup/local_setup.zsh
[0.449s] -- Up-to-date symlink: /home/ductrung/ros2_ws/install/my_robot_bringup/share/my_robot_bringup/local_setup.dsv
[0.450s] -- Symlinking: /home/ductrung/ros2_ws/install/my_robot_bringup/share/my_robot_bringup/package.dsv
[0.461s] -- Up-to-date symlink: /home/ductrung/ros2_ws/install/my_robot_bringup/share/ament_index/resource_index/packages/my_robot_bringup
[0.462s] -- Up-to-date symlink: /home/ductrung/ros2_ws/install/my_robot_bringup/share/my_robot_bringup/cmake/my_robot_bringupConfig.cmake
[0.463s] -- Up-to-date symlink: /home/ductrung/ros2_ws/install/my_robot_bringup/share/my_robot_bringup/cmake/my_robot_bringupConfig-version.cmake
[0.463s] -- Up-to-date symlink: /home/ductrung/ros2_ws/install/my_robot_bringup/share/my_robot_bringup/package.xml
[0.465s] Invoked command in '/home/ductrung/ros2_ws/build/my_robot_bringup' returned '0': CMAKE_PREFIX_PATH=/home/ductrung/ros2_ws/install/my_robot_description:/home/ductrung/ros2_ws/install/my_robot_bringup:/opt/ros/humble /usr/bin/cmake --install /home/ductrung/ros2_ws/build/my_robot_bringup
