[0.043s] Invoking command in '/home/ductrung/ros2_ws/build/my_robot_bringup': CMAKE_PREFIX_PATH=/home/ductrung/ros2_ws/install/my_robot_description:/home/ductrung/ros2_ws/install/my_robot_bringup:/opt/ros/humble /usr/bin/cmake --build /home/ductrung/ros2_ws/build/my_robot_bringup -- -j4 -l4
[0.171s] Invoked command in '/home/ductrung/ros2_ws/build/my_robot_bringup' returned '0': CMAKE_PREFIX_PATH=/home/ductrung/ros2_ws/install/my_robot_description:/home/ductrung/ros2_ws/install/my_robot_bringup:/opt/ros/humble /usr/bin/cmake --build /home/ductrung/ros2_ws/build/my_robot_bringup -- -j4 -l4
[0.267s] Invoking command in '/home/ductrung/ros2_ws/build/my_robot_bringup': CMAKE_PREFIX_PATH=/home/ductrung/ros2_ws/install/my_robot_description:/home/ductrung/ros2_ws/install/my_robot_bringup:/opt/ros/humble /usr/bin/cmake --install /home/ductrung/ros2_ws/build/my_robot_bringup
[0.287s] -- Install configuration: ""
[0.289s] -- Execute custom install script
[0.293s] -- Up-to-date symlink: /home/ductrung/ros2_ws/install/my_robot_bringup/share/my_robot_bringup//launch/my_robot_gazebo.launch.xml
[0.294s] -- Up-to-date symlink: /home/ductrung/ros2_ws/install/my_robot_bringup/share/ament_index/resource_index/package_run_dependencies/my_robot_bringup
[0.294s] -- Up-to-date symlink: /home/ductrung/ros2_ws/install/my_robot_bringup/share/ament_index/resource_index/parent_prefix_path/my_robot_bringup
[0.295s] -- Up-to-date symlink: /home/ductrung/ros2_ws/install/my_robot_bringup/share/my_robot_bringup/environment/ament_prefix_path.sh
[0.296s] -- Up-to-date symlink: /home/ductrung/ros2_ws/install/my_robot_bringup/share/my_robot_bringup/environment/ament_prefix_path.dsv
[0.298s] -- Up-to-date symlink: /home/ductrung/ros2_ws/install/my_robot_bringup/share/my_robot_bringup/environment/path.sh
[0.299s] -- Up-to-date symlink: /home/ductrung/ros2_ws/install/my_robot_bringup/share/my_robot_bringup/environment/path.dsv
[0.301s] -- Up-to-date symlink: /home/ductrung/ros2_ws/install/my_robot_bringup/share/my_robot_bringup/local_setup.bash
[0.301s] -- Up-to-date symlink: /home/ductrung/ros2_ws/install/my_robot_bringup/share/my_robot_bringup/local_setup.sh
[0.302s] -- Up-to-date symlink: /home/ductrung/ros2_ws/install/my_robot_bringup/share/my_robot_bringup/local_setup.zsh
[0.302s] -- Up-to-date symlink: /home/ductrung/ros2_ws/install/my_robot_bringup/share/my_robot_bringup/local_setup.dsv
[0.303s] -- Symlinking: /home/ductrung/ros2_ws/install/my_robot_bringup/share/my_robot_bringup/package.dsv
[0.317s] -- Up-to-date symlink: /home/ductrung/ros2_ws/install/my_robot_bringup/share/ament_index/resource_index/packages/my_robot_bringup
[0.317s] -- Up-to-date symlink: /home/ductrung/ros2_ws/install/my_robot_bringup/share/my_robot_bringup/cmake/my_robot_bringupConfig.cmake
[0.334s] -- Up-to-date symlink: /home/ductrung/ros2_ws/install/my_robot_bringup/share/my_robot_bringup/cmake/my_robot_bringupConfig-version.cmake
[0.334s] -- Up-to-date symlink: /home/ductrung/ros2_ws/install/my_robot_bringup/share/my_robot_bringup/package.xml
[0.336s] Invoked command in '/home/ductrung/ros2_ws/build/my_robot_bringup' returned '0': CMAKE_PREFIX_PATH=/home/ductrung/ros2_ws/install/my_robot_description:/home/ductrung/ros2_ws/install/my_robot_bringup:/opt/ros/humble /usr/bin/cmake --install /home/ductrung/ros2_ws/build/my_robot_bringup
