[0.068s] Invoking command in '/home/ductrung/ros2_ws/build/my_robot_bringup': CMAKE_PREFIX_PATH=/home/ductrung/ros2_ws/install/my_robot_description:/home/ductrung/ros2_ws/install/my_robot_bringup:/opt/ros/humble /usr/bin/cmake /home/ductrung/ros2_ws/src/my_robot_bringup -DCMAKE_INSTALL_PREFIX=/home/ductrung/ros2_ws/install/my_robot_bringup
[0.097s] -- Found ament_cmake: 1.3.10 (/opt/ros/humble/share/ament_cmake/cmake)
[0.386s] -- Override CMake install command with custom implementation using symlinks instead of copying resources
[0.562s] -- Configuring done
[0.579s] -- Generating done
[0.602s] -- Build files have been written to: /home/ductrung/ros2_ws/build/my_robot_bringup
[0.639s] Invoked command in '/home/ductrung/ros2_ws/build/my_robot_bringup' returned '0': CMAKE_PREFIX_PATH=/home/ductrung/ros2_ws/install/my_robot_description:/home/ductrung/ros2_ws/install/my_robot_bringup:/opt/ros/humble /usr/bin/cmake /home/ductrung/ros2_ws/src/my_robot_bringup -DCMAKE_INSTALL_PREFIX=/home/ductrung/ros2_ws/install/my_robot_bringup
[0.641s] Invoking command in '/home/ductrung/ros2_ws/build/my_robot_bringup': CMAKE_PREFIX_PATH=/home/ductrung/ros2_ws/install/my_robot_description:/home/ductrung/ros2_ws/install/my_robot_bringup:/opt/ros/humble /usr/bin/cmake --build /home/ductrung/ros2_ws/build/my_robot_bringup -- -j4 -l4
[0.769s] Invoked command in '/home/ductrung/ros2_ws/build/my_robot_bringup' returned '0': CMAKE_PREFIX_PATH=/home/ductrung/ros2_ws/install/my_robot_description:/home/ductrung/ros2_ws/install/my_robot_bringup:/opt/ros/humble /usr/bin/cmake --build /home/ductrung/ros2_ws/build/my_robot_bringup -- -j4 -l4
[0.924s] Invoking command in '/home/ductrung/ros2_ws/build/my_robot_bringup': CMAKE_PREFIX_PATH=/home/ductrung/ros2_ws/install/my_robot_description:/home/ductrung/ros2_ws/install/my_robot_bringup:/opt/ros/humble /usr/bin/cmake --install /home/ductrung/ros2_ws/build/my_robot_bringup
[0.962s] -- Install configuration: ""
[0.962s] -- Execute custom install script
[0.969s] -- Up-to-date symlink: /home/ductrung/ros2_ws/install/my_robot_bringup/share/my_robot_bringup//launch/my_robot_gazebo.launch.xml
[0.969s] -- Up-to-date symlink: /home/ductrung/ros2_ws/install/my_robot_bringup/share/ament_index/resource_index/package_run_dependencies/my_robot_bringup
[0.989s] -- Up-to-date symlink: /home/ductrung/ros2_ws/install/my_robot_bringup/share/ament_index/resource_index/parent_prefix_path/my_robot_bringup
[0.993s] -- Up-to-date symlink: /home/ductrung/ros2_ws/install/my_robot_bringup/share/my_robot_bringup/environment/ament_prefix_path.sh
[0.993s] -- Up-to-date symlink: /home/ductrung/ros2_ws/install/my_robot_bringup/share/my_robot_bringup/environment/ament_prefix_path.dsv
[0.995s] -- Up-to-date symlink: /home/ductrung/ros2_ws/install/my_robot_bringup/share/my_robot_bringup/environment/path.sh
[1.006s] -- Up-to-date symlink: /home/ductrung/ros2_ws/install/my_robot_bringup/share/my_robot_bringup/environment/path.dsv
[1.014s] -- Up-to-date symlink: /home/ductrung/ros2_ws/install/my_robot_bringup/share/my_robot_bringup/local_setup.bash
[1.024s] -- Up-to-date symlink: /home/ductrung/ros2_ws/install/my_robot_bringup/share/my_robot_bringup/local_setup.sh
[1.024s] -- Up-to-date symlink: /home/ductrung/ros2_ws/install/my_robot_bringup/share/my_robot_bringup/local_setup.zsh
[1.024s] -- Up-to-date symlink: /home/ductrung/ros2_ws/install/my_robot_bringup/share/my_robot_bringup/local_setup.dsv
[1.024s] -- Symlinking: /home/ductrung/ros2_ws/install/my_robot_bringup/share/my_robot_bringup/package.dsv
[1.041s] -- Up-to-date symlink: /home/ductrung/ros2_ws/install/my_robot_bringup/share/ament_index/resource_index/packages/my_robot_bringup
[1.047s] -- Up-to-date symlink: /home/ductrung/ros2_ws/install/my_robot_bringup/share/my_robot_bringup/cmake/my_robot_bringupConfig.cmake
[1.072s] -- Up-to-date symlink: /home/ductrung/ros2_ws/install/my_robot_bringup/share/my_robot_bringup/cmake/my_robot_bringupConfig-version.cmake
[1.072s] -- Up-to-date symlink: /home/ductrung/ros2_ws/install/my_robot_bringup/share/my_robot_bringup/package.xml
[1.093s] Invoked command in '/home/ductrung/ros2_ws/build/my_robot_bringup' returned '0': CMAKE_PREFIX_PATH=/home/ductrung/ros2_ws/install/my_robot_description:/home/ductrung/ros2_ws/install/my_robot_bringup:/opt/ros/humble /usr/bin/cmake --install /home/ductrung/ros2_ws/build/my_robot_bringup
