[0.177s] DEBUG:colcon:Command line arguments: ['/usr/bin/colcon', 'build']
[0.177s] DEBUG:colcon:Parsed command line arguments: Namespace(log_base=None, log_level=None, verb_name='build', build_base='build', install_base='install', merge_install=False, symlink_install=False, test_result_base=None, continue_on_error=False, executor='parallel', parallel_workers=4, event_handlers=None, ignore_user_meta=False, metas=['./colcon.meta'], base_paths=['.'], packages_ignore=None, packages_ignore_regex=None, paths=None, packages_up_to=None, packages_up_to_regex=None, packages_above=None, packages_above_and_dependencies=None, packages_above_depth=None, packages_select_by_dep=None, packages_skip_by_dep=None, packages_skip_up_to=None, packages_select_build_failed=False, packages_skip_build_finished=False, packages_select_test_failures=False, packages_skip_test_passed=False, packages_select=None, packages_skip=None, packages_select_regex=None, packages_skip_regex=None, packages_start=None, packages_end=None, allow_overriding=[], cmake_args=None, cmake_target=None, cmake_target_skip_unavailable=False, cmake_clean_cache=False, cmake_clean_first=False, cmake_force_configure=False, ament_cmake_args=None, catkin_cmake_args=None, catkin_skip_building_tests=False, mixin_files=None, mixin=None, verb_parser=<colcon_mixin.mixin.mixin_argument.MixinArgumentDecorator object at 0x7c20317464a0>, verb_extension=<colcon_core.verb.build.BuildVerb object at 0x7c2031745fc0>, main=<bound method BuildVerb.main of <colcon_core.verb.build.BuildVerb object at 0x7c2031745fc0>>, mixin_verb=('build',))
[0.378s] Level 1:colcon.colcon_core.package_discovery:discover_packages(colcon_meta) check parameters
[0.378s] Level 1:colcon.colcon_core.package_discovery:discover_packages(recursive) check parameters
[0.378s] Level 1:colcon.colcon_core.package_discovery:discover_packages(ignore) check parameters
[0.378s] Level 1:colcon.colcon_core.package_discovery:discover_packages(path) check parameters
[0.378s] Level 1:colcon.colcon_core.package_discovery:discover_packages(colcon_meta) discover
[0.378s] Level 1:colcon.colcon_core.package_discovery:discover_packages(recursive) discover
[0.378s] INFO:colcon.colcon_core.package_discovery:Crawling recursively for packages in '/home/ductrung/ros2_ws'
[0.378s] Level 1:colcon.colcon_core.package_identification:_identify(.) by extensions ['ignore', 'ignore_ament_install']
[0.378s] Level 1:colcon.colcon_core.package_identification:_identify(.) by extension 'ignore'
[0.378s] Level 1:colcon.colcon_core.package_identification:_identify(.) by extension 'ignore_ament_install'
[0.378s] Level 1:colcon.colcon_core.package_identification:_identify(.) by extensions ['colcon_pkg']
[0.378s] Level 1:colcon.colcon_core.package_identification:_identify(.) by extension 'colcon_pkg'
[0.378s] Level 1:colcon.colcon_core.package_identification:_identify(.) by extensions ['colcon_meta']
[0.378s] Level 1:colcon.colcon_core.package_identification:_identify(.) by extension 'colcon_meta'
[0.378s] Level 1:colcon.colcon_core.package_identification:_identify(.) by extensions ['ros']
[0.378s] Level 1:colcon.colcon_core.package_identification:_identify(.) by extension 'ros'
[0.395s] Level 1:colcon.colcon_core.package_identification:_identify(.) by extensions ['cmake', 'python']
[0.395s] Level 1:colcon.colcon_core.package_identification:_identify(.) by extension 'cmake'
[0.395s] Level 1:colcon.colcon_core.package_identification:_identify(.) by extension 'python'
[0.395s] Level 1:colcon.colcon_core.package_identification:_identify(.) by extensions ['python_setup_py']
[0.395s] Level 1:colcon.colcon_core.package_identification:_identify(.) by extension 'python_setup_py'
[0.396s] Level 1:colcon.colcon_core.package_identification:_identify(build) by extensions ['ignore', 'ignore_ament_install']
[0.396s] Level 1:colcon.colcon_core.package_identification:_identify(build) by extension 'ignore'
[0.396s] Level 1:colcon.colcon_core.package_identification:_identify(build) ignored
[0.396s] Level 1:colcon.colcon_core.package_identification:_identify(install) by extensions ['ignore', 'ignore_ament_install']
[0.396s] Level 1:colcon.colcon_core.package_identification:_identify(install) by extension 'ignore'
[0.396s] Level 1:colcon.colcon_core.package_identification:_identify(install) ignored
[0.397s] Level 1:colcon.colcon_core.package_identification:_identify(log) by extensions ['ignore', 'ignore_ament_install']
[0.397s] Level 1:colcon.colcon_core.package_identification:_identify(log) by extension 'ignore'
[0.397s] Level 1:colcon.colcon_core.package_identification:_identify(log) ignored
[0.397s] Level 1:colcon.colcon_core.package_identification:_identify(src) by extensions ['ignore', 'ignore_ament_install']
[0.397s] Level 1:colcon.colcon_core.package_identification:_identify(src) by extension 'ignore'
[0.397s] Level 1:colcon.colcon_core.package_identification:_identify(src) by extension 'ignore_ament_install'
[0.397s] Level 1:colcon.colcon_core.package_identification:_identify(src) by extensions ['colcon_pkg']
[0.397s] Level 1:colcon.colcon_core.package_identification:_identify(src) by extension 'colcon_pkg'
[0.397s] Level 1:colcon.colcon_core.package_identification:_identify(src) by extensions ['colcon_meta']
[0.397s] Level 1:colcon.colcon_core.package_identification:_identify(src) by extension 'colcon_meta'
[0.397s] Level 1:colcon.colcon_core.package_identification:_identify(src) by extensions ['ros']
[0.397s] Level 1:colcon.colcon_core.package_identification:_identify(src) by extension 'ros'
[0.397s] Level 1:colcon.colcon_core.package_identification:_identify(src) by extensions ['cmake', 'python']
[0.397s] Level 1:colcon.colcon_core.package_identification:_identify(src) by extension 'cmake'
[0.397s] Level 1:colcon.colcon_core.package_identification:_identify(src) by extension 'python'
[0.397s] Level 1:colcon.colcon_core.package_identification:_identify(src) by extensions ['python_setup_py']
[0.397s] Level 1:colcon.colcon_core.package_identification:_identify(src) by extension 'python_setup_py'
[0.398s] Level 1:colcon.colcon_core.package_identification:_identify(src/build) by extensions ['ignore', 'ignore_ament_install']
[0.398s] Level 1:colcon.colcon_core.package_identification:_identify(src/build) by extension 'ignore'
[0.398s] Level 1:colcon.colcon_core.package_identification:_identify(src/build) ignored
[0.398s] Level 1:colcon.colcon_core.package_identification:_identify(src/install) by extensions ['ignore', 'ignore_ament_install']
[0.398s] Level 1:colcon.colcon_core.package_identification:_identify(src/install) by extension 'ignore'
[0.398s] Level 1:colcon.colcon_core.package_identification:_identify(src/install) ignored
[0.398s] Level 1:colcon.colcon_core.package_identification:_identify(src/log) by extensions ['ignore', 'ignore_ament_install']
[0.398s] Level 1:colcon.colcon_core.package_identification:_identify(src/log) by extension 'ignore'
[0.398s] Level 1:colcon.colcon_core.package_identification:_identify(src/log) ignored
[0.398s] Level 1:colcon.colcon_core.package_identification:_identify(src/my_robot_bringup) by extensions ['ignore', 'ignore_ament_install']
[0.398s] Level 1:colcon.colcon_core.package_identification:_identify(src/my_robot_bringup) by extension 'ignore'
[0.398s] Level 1:colcon.colcon_core.package_identification:_identify(src/my_robot_bringup) by extension 'ignore_ament_install'
[0.398s] Level 1:colcon.colcon_core.package_identification:_identify(src/my_robot_bringup) by extensions ['colcon_pkg']
[0.398s] Level 1:colcon.colcon_core.package_identification:_identify(src/my_robot_bringup) by extension 'colcon_pkg'
[0.399s] Level 1:colcon.colcon_core.package_identification:_identify(src/my_robot_bringup) by extensions ['colcon_meta']
[0.399s] Level 1:colcon.colcon_core.package_identification:_identify(src/my_robot_bringup) by extension 'colcon_meta'
[0.399s] Level 1:colcon.colcon_core.package_identification:_identify(src/my_robot_bringup) by extensions ['ros']
[0.399s] Level 1:colcon.colcon_core.package_identification:_identify(src/my_robot_bringup) by extension 'ros'
[0.406s] DEBUG:colcon.colcon_core.package_identification:Package 'src/my_robot_bringup' with type 'ros.ament_cmake' and name 'my_robot_bringup'
[0.406s] Level 1:colcon.colcon_core.package_identification:_identify(src/my_robot_description) by extensions ['ignore', 'ignore_ament_install']
[0.406s] Level 1:colcon.colcon_core.package_identification:_identify(src/my_robot_description) by extension 'ignore'
[0.406s] Level 1:colcon.colcon_core.package_identification:_identify(src/my_robot_description) by extension 'ignore_ament_install'
[0.406s] Level 1:colcon.colcon_core.package_identification:_identify(src/my_robot_description) by extensions ['colcon_pkg']
[0.406s] Level 1:colcon.colcon_core.package_identification:_identify(src/my_robot_description) by extension 'colcon_pkg'
[0.406s] Level 1:colcon.colcon_core.package_identification:_identify(src/my_robot_description) by extensions ['colcon_meta']
[0.406s] Level 1:colcon.colcon_core.package_identification:_identify(src/my_robot_description) by extension 'colcon_meta'
[0.406s] Level 1:colcon.colcon_core.package_identification:_identify(src/my_robot_description) by extensions ['ros']
[0.406s] Level 1:colcon.colcon_core.package_identification:_identify(src/my_robot_description) by extension 'ros'
[0.407s] DEBUG:colcon.colcon_core.package_identification:Package 'src/my_robot_description' with type 'ros.ament_cmake' and name 'my_robot_description'
[0.407s] Level 1:colcon.colcon_core.package_discovery:discover_packages(recursive) using defaults
[0.407s] Level 1:colcon.colcon_core.package_discovery:discover_packages(ignore) discover
[0.407s] Level 1:colcon.colcon_core.package_discovery:discover_packages(ignore) using defaults
[0.407s] Level 1:colcon.colcon_core.package_discovery:discover_packages(path) discover
[0.407s] Level 1:colcon.colcon_core.package_discovery:discover_packages(path) using defaults
[0.444s] Level 1:colcon.colcon_core.package_discovery:discover_packages(prefix_path) check parameters
[0.444s] Level 1:colcon.colcon_core.package_discovery:discover_packages(prefix_path) discover
[0.451s] DEBUG:colcon.colcon_installed_package_information.package_discovery:Found 2 installed packages in /home/ductrung/ros2_ws/install
[0.452s] DEBUG:colcon.colcon_installed_package_information.package_discovery:Found 319 installed packages in /opt/ros/humble
[0.478s] Level 1:colcon.colcon_core.package_discovery:discover_packages(prefix_path) using defaults
[0.519s] Level 5:colcon.colcon_core.verb:set package 'my_robot_description' build argument 'cmake_args' from command line to 'None'
[0.519s] Level 5:colcon.colcon_core.verb:set package 'my_robot_description' build argument 'cmake_target' from command line to 'None'
[0.519s] Level 5:colcon.colcon_core.verb:set package 'my_robot_description' build argument 'cmake_target_skip_unavailable' from command line to 'False'
[0.519s] Level 5:colcon.colcon_core.verb:set package 'my_robot_description' build argument 'cmake_clean_cache' from command line to 'False'
[0.520s] Level 5:colcon.colcon_core.verb:set package 'my_robot_description' build argument 'cmake_clean_first' from command line to 'False'
[0.520s] Level 5:colcon.colcon_core.verb:set package 'my_robot_description' build argument 'cmake_force_configure' from command line to 'False'
[0.520s] Level 5:colcon.colcon_core.verb:set package 'my_robot_description' build argument 'ament_cmake_args' from command line to 'None'
[0.520s] Level 5:colcon.colcon_core.verb:set package 'my_robot_description' build argument 'catkin_cmake_args' from command line to 'None'
[0.520s] Level 5:colcon.colcon_core.verb:set package 'my_robot_description' build argument 'catkin_skip_building_tests' from command line to 'False'
[0.520s] DEBUG:colcon.colcon_core.verb:Building package 'my_robot_description' with the following arguments: {'ament_cmake_args': None, 'build_base': '/home/ductrung/ros2_ws/build/my_robot_description', 'catkin_cmake_args': None, 'catkin_skip_building_tests': False, 'cmake_args': None, 'cmake_clean_cache': False, 'cmake_clean_first': False, 'cmake_force_configure': False, 'cmake_target': None, 'cmake_target_skip_unavailable': False, 'install_base': '/home/ductrung/ros2_ws/install/my_robot_description', 'merge_install': False, 'path': '/home/ductrung/ros2_ws/src/my_robot_description', 'symlink_install': False, 'test_result_base': None}
[0.520s] Level 5:colcon.colcon_core.verb:set package 'my_robot_bringup' build argument 'cmake_args' from command line to 'None'
[0.520s] Level 5:colcon.colcon_core.verb:set package 'my_robot_bringup' build argument 'cmake_target' from command line to 'None'
[0.520s] Level 5:colcon.colcon_core.verb:set package 'my_robot_bringup' build argument 'cmake_target_skip_unavailable' from command line to 'False'
[0.520s] Level 5:colcon.colcon_core.verb:set package 'my_robot_bringup' build argument 'cmake_clean_cache' from command line to 'False'
[0.520s] Level 5:colcon.colcon_core.verb:set package 'my_robot_bringup' build argument 'cmake_clean_first' from command line to 'False'
[0.520s] Level 5:colcon.colcon_core.verb:set package 'my_robot_bringup' build argument 'cmake_force_configure' from command line to 'False'
[0.520s] Level 5:colcon.colcon_core.verb:set package 'my_robot_bringup' build argument 'ament_cmake_args' from command line to 'None'
[0.520s] Level 5:colcon.colcon_core.verb:set package 'my_robot_bringup' build argument 'catkin_cmake_args' from command line to 'None'
[0.520s] Level 5:colcon.colcon_core.verb:set package 'my_robot_bringup' build argument 'catkin_skip_building_tests' from command line to 'False'
[0.520s] DEBUG:colcon.colcon_core.verb:Building package 'my_robot_bringup' with the following arguments: {'ament_cmake_args': None, 'build_base': '/home/ductrung/ros2_ws/build/my_robot_bringup', 'catkin_cmake_args': None, 'catkin_skip_building_tests': False, 'cmake_args': None, 'cmake_clean_cache': False, 'cmake_clean_first': False, 'cmake_force_configure': False, 'cmake_target': None, 'cmake_target_skip_unavailable': False, 'install_base': '/home/ductrung/ros2_ws/install/my_robot_bringup', 'merge_install': False, 'path': '/home/ductrung/ros2_ws/src/my_robot_bringup', 'symlink_install': False, 'test_result_base': None}
[0.521s] INFO:colcon.colcon_core.executor:Executing jobs using 'parallel' executor
[0.522s] DEBUG:colcon.colcon_parallel_executor.executor.parallel:run_until_complete
[0.522s] INFO:colcon.colcon_ros.task.ament_cmake.build:Building ROS package in '/home/ductrung/ros2_ws/src/my_robot_description' with build type 'ament_cmake'
[0.522s] INFO:colcon.colcon_cmake.task.cmake.build:Building CMake package in '/home/ductrung/ros2_ws/src/my_robot_description'
[0.531s] INFO:colcon.colcon_core.plugin_system:Skipping extension 'colcon_core.shell.bat': Not used on non-Windows systems
[0.531s] INFO:colcon.colcon_core.shell:Skip shell extension 'powershell' for command environment: Not usable outside of PowerShell
[0.531s] DEBUG:colcon.colcon_core.shell:Skip shell extension 'dsv' for command environment
[0.563s] DEBUG:colcon.colcon_core.event_handler.log_command:Invoking command in '/home/ductrung/ros2_ws/build/my_robot_description': CMAKE_PREFIX_PATH=${CMAKE_PREFIX_PATH}:/opt/ros/humble /usr/bin/cmake --build /home/ductrung/ros2_ws/build/my_robot_description -- -j4 -l4
[0.798s] DEBUG:colcon.colcon_core.event_handler.log_command:Invoked command in '/home/ductrung/ros2_ws/build/my_robot_description' returned '0': CMAKE_PREFIX_PATH=${CMAKE_PREFIX_PATH}:/opt/ros/humble /usr/bin/cmake --build /home/ductrung/ros2_ws/build/my_robot_description -- -j4 -l4
[0.904s] DEBUG:colcon.colcon_core.event_handler.log_command:Invoking command in '/home/ductrung/ros2_ws/build/my_robot_description': CMAKE_PREFIX_PATH=${CMAKE_PREFIX_PATH}:/opt/ros/humble /usr/bin/cmake --install /home/ductrung/ros2_ws/build/my_robot_description
[1.093s] Level 1:colcon.colcon_core.environment:create_environment_scripts_only(my_robot_description)
[1.096s] DEBUG:colcon.colcon_core.event_handler.log_command:Invoked command in '/home/ductrung/ros2_ws/build/my_robot_description' returned '0': CMAKE_PREFIX_PATH=${CMAKE_PREFIX_PATH}:/opt/ros/humble /usr/bin/cmake --install /home/ductrung/ros2_ws/build/my_robot_description
[1.108s] Level 1:colcon.colcon_core.environment:checking '/home/ductrung/ros2_ws/install/my_robot_description' for CMake module files
[1.110s] Level 1:colcon.colcon_core.environment:checking '/home/ductrung/ros2_ws/install/my_robot_description' for CMake config files
[1.111s] Level 1:colcon.colcon_core.shell:create_environment_hook('my_robot_description', 'cmake_prefix_path')
[1.111s] INFO:colcon.colcon_core.shell:Creating environment hook '/home/ductrung/ros2_ws/install/my_robot_description/share/my_robot_description/hook/cmake_prefix_path.ps1'
[1.113s] INFO:colcon.colcon_core.shell:Creating environment descriptor '/home/ductrung/ros2_ws/install/my_robot_description/share/my_robot_description/hook/cmake_prefix_path.dsv'
[1.114s] INFO:colcon.colcon_core.shell:Creating environment hook '/home/ductrung/ros2_ws/install/my_robot_description/share/my_robot_description/hook/cmake_prefix_path.sh'
[1.116s] Level 1:colcon.colcon_core.environment:checking '/home/ductrung/ros2_ws/install/my_robot_description/bin'
[1.117s] Level 1:colcon.colcon_core.environment:checking '/home/ductrung/ros2_ws/install/my_robot_description/lib/pkgconfig/my_robot_description.pc'
[1.117s] Level 1:colcon.colcon_core.environment:checking '/home/ductrung/ros2_ws/install/my_robot_description/lib/python3.10/site-packages'
[1.117s] Level 1:colcon.colcon_core.environment:checking '/home/ductrung/ros2_ws/install/my_robot_description/bin'
[1.118s] INFO:colcon.colcon_core.shell:Creating package script '/home/ductrung/ros2_ws/install/my_robot_description/share/my_robot_description/package.ps1'
[1.119s] INFO:colcon.colcon_core.shell:Creating package descriptor '/home/ductrung/ros2_ws/install/my_robot_description/share/my_robot_description/package.dsv'
[1.120s] INFO:colcon.colcon_core.shell:Creating package script '/home/ductrung/ros2_ws/install/my_robot_description/share/my_robot_description/package.sh'
[1.121s] INFO:colcon.colcon_core.shell:Creating package script '/home/ductrung/ros2_ws/install/my_robot_description/share/my_robot_description/package.bash'
[1.125s] INFO:colcon.colcon_core.shell:Creating package script '/home/ductrung/ros2_ws/install/my_robot_description/share/my_robot_description/package.zsh'
[1.127s] Level 1:colcon.colcon_core.environment:create_file_with_runtime_dependencies(/home/ductrung/ros2_ws/install/my_robot_description/share/colcon-core/packages/my_robot_description)
[1.211s] Level 1:colcon.colcon_core.environment:create_environment_scripts_only(my_robot_description)
[1.212s] Level 1:colcon.colcon_core.environment:checking '/home/ductrung/ros2_ws/install/my_robot_description' for CMake module files
[1.213s] Level 1:colcon.colcon_core.environment:checking '/home/ductrung/ros2_ws/install/my_robot_description' for CMake config files
[1.214s] Level 1:colcon.colcon_core.shell:create_environment_hook('my_robot_description', 'cmake_prefix_path')
[1.216s] INFO:colcon.colcon_core.shell:Creating environment hook '/home/ductrung/ros2_ws/install/my_robot_description/share/my_robot_description/hook/cmake_prefix_path.ps1'
[1.216s] INFO:colcon.colcon_core.shell:Creating environment descriptor '/home/ductrung/ros2_ws/install/my_robot_description/share/my_robot_description/hook/cmake_prefix_path.dsv'
[1.217s] INFO:colcon.colcon_core.shell:Creating environment hook '/home/ductrung/ros2_ws/install/my_robot_description/share/my_robot_description/hook/cmake_prefix_path.sh'
[1.218s] Level 1:colcon.colcon_core.environment:checking '/home/ductrung/ros2_ws/install/my_robot_description/bin'
[1.218s] Level 1:colcon.colcon_core.environment:checking '/home/ductrung/ros2_ws/install/my_robot_description/lib/pkgconfig/my_robot_description.pc'
[1.218s] Level 1:colcon.colcon_core.environment:checking '/home/ductrung/ros2_ws/install/my_robot_description/lib/python3.10/site-packages'
[1.218s] Level 1:colcon.colcon_core.environment:checking '/home/ductrung/ros2_ws/install/my_robot_description/bin'
[1.219s] INFO:colcon.colcon_core.shell:Creating package script '/home/ductrung/ros2_ws/install/my_robot_description/share/my_robot_description/package.ps1'
[1.221s] INFO:colcon.colcon_core.shell:Creating package descriptor '/home/ductrung/ros2_ws/install/my_robot_description/share/my_robot_description/package.dsv'
[1.222s] INFO:colcon.colcon_core.shell:Creating package script '/home/ductrung/ros2_ws/install/my_robot_description/share/my_robot_description/package.sh'
[1.223s] INFO:colcon.colcon_core.shell:Creating package script '/home/ductrung/ros2_ws/install/my_robot_description/share/my_robot_description/package.bash'
[1.224s] INFO:colcon.colcon_core.shell:Creating package script '/home/ductrung/ros2_ws/install/my_robot_description/share/my_robot_description/package.zsh'
[1.224s] Level 1:colcon.colcon_core.environment:create_file_with_runtime_dependencies(/home/ductrung/ros2_ws/install/my_robot_description/share/colcon-core/packages/my_robot_description)
[1.225s] INFO:colcon.colcon_ros.task.ament_cmake.build:Building ROS package in '/home/ductrung/ros2_ws/src/my_robot_bringup' with build type 'ament_cmake'
[1.225s] INFO:colcon.colcon_cmake.task.cmake.build:Building CMake package in '/home/ductrung/ros2_ws/src/my_robot_bringup'
[1.225s] INFO:colcon.colcon_core.shell:Skip shell extension 'powershell' for command environment: Not usable outside of PowerShell
[1.225s] DEBUG:colcon.colcon_core.shell:Skip shell extension 'dsv' for command environment
[1.286s] DEBUG:colcon.colcon_core.event_handler.log_command:Invoking command in '/home/ductrung/ros2_ws/build/my_robot_bringup': CMAKE_PREFIX_PATH=/home/ductrung/ros2_ws/install/my_robot_description:/home/ductrung/ros2_ws/install/my_robot_bringup:/opt/ros/humble /usr/bin/cmake --build /home/ductrung/ros2_ws/build/my_robot_bringup -- -j4 -l4
[1.394s] DEBUG:colcon.colcon_core.event_handler.log_command:Invoked command in '/home/ductrung/ros2_ws/build/my_robot_bringup' returned '0': CMAKE_PREFIX_PATH=/home/ductrung/ros2_ws/install/my_robot_description:/home/ductrung/ros2_ws/install/my_robot_bringup:/opt/ros/humble /usr/bin/cmake --build /home/ductrung/ros2_ws/build/my_robot_bringup -- -j4 -l4
[1.466s] DEBUG:colcon.colcon_core.event_handler.log_command:Invoking command in '/home/ductrung/ros2_ws/build/my_robot_bringup': CMAKE_PREFIX_PATH=/home/ductrung/ros2_ws/install/my_robot_description:/home/ductrung/ros2_ws/install/my_robot_bringup:/opt/ros/humble /usr/bin/cmake --install /home/ductrung/ros2_ws/build/my_robot_bringup
[1.517s] Level 1:colcon.colcon_core.environment:create_environment_scripts_only(my_robot_bringup)
[1.521s] Level 1:colcon.colcon_core.environment:checking '/home/ductrung/ros2_ws/install/my_robot_bringup' for CMake module files
[1.522s] DEBUG:colcon.colcon_core.event_handler.log_command:Invoked command in '/home/ductrung/ros2_ws/build/my_robot_bringup' returned '0': CMAKE_PREFIX_PATH=/home/ductrung/ros2_ws/install/my_robot_description:/home/ductrung/ros2_ws/install/my_robot_bringup:/opt/ros/humble /usr/bin/cmake --install /home/ductrung/ros2_ws/build/my_robot_bringup
[1.523s] Level 1:colcon.colcon_core.environment:checking '/home/ductrung/ros2_ws/install/my_robot_bringup' for CMake config files
[1.523s] Level 1:colcon.colcon_core.shell:create_environment_hook('my_robot_bringup', 'cmake_prefix_path')
[1.523s] INFO:colcon.colcon_core.shell:Creating environment hook '/home/ductrung/ros2_ws/install/my_robot_bringup/share/my_robot_bringup/hook/cmake_prefix_path.ps1'
[1.524s] INFO:colcon.colcon_core.shell:Creating environment descriptor '/home/ductrung/ros2_ws/install/my_robot_bringup/share/my_robot_bringup/hook/cmake_prefix_path.dsv'
[1.526s] INFO:colcon.colcon_core.shell:Creating environment hook '/home/ductrung/ros2_ws/install/my_robot_bringup/share/my_robot_bringup/hook/cmake_prefix_path.sh'
[1.528s] Level 1:colcon.colcon_core.environment:checking '/home/ductrung/ros2_ws/install/my_robot_bringup/bin'
[1.528s] Level 1:colcon.colcon_core.environment:checking '/home/ductrung/ros2_ws/install/my_robot_bringup/lib/pkgconfig/my_robot_bringup.pc'
[1.528s] Level 1:colcon.colcon_core.environment:checking '/home/ductrung/ros2_ws/install/my_robot_bringup/lib/python3.10/site-packages'
[1.529s] Level 1:colcon.colcon_core.environment:checking '/home/ductrung/ros2_ws/install/my_robot_bringup/bin'
[1.529s] INFO:colcon.colcon_core.shell:Creating package script '/home/ductrung/ros2_ws/install/my_robot_bringup/share/my_robot_bringup/package.ps1'
[1.529s] INFO:colcon.colcon_core.shell:Creating package descriptor '/home/ductrung/ros2_ws/install/my_robot_bringup/share/my_robot_bringup/package.dsv'
[1.530s] INFO:colcon.colcon_core.shell:Creating package script '/home/ductrung/ros2_ws/install/my_robot_bringup/share/my_robot_bringup/package.sh'
[1.530s] INFO:colcon.colcon_core.shell:Creating package script '/home/ductrung/ros2_ws/install/my_robot_bringup/share/my_robot_bringup/package.bash'
[1.530s] INFO:colcon.colcon_core.shell:Creating package script '/home/ductrung/ros2_ws/install/my_robot_bringup/share/my_robot_bringup/package.zsh'
[1.531s] Level 1:colcon.colcon_core.environment:create_file_with_runtime_dependencies(/home/ductrung/ros2_ws/install/my_robot_bringup/share/colcon-core/packages/my_robot_bringup)
[1.633s] Level 1:colcon.colcon_core.environment:create_environment_scripts_only(my_robot_bringup)
[1.633s] Level 1:colcon.colcon_core.environment:checking '/home/ductrung/ros2_ws/install/my_robot_bringup' for CMake module files
[1.634s] Level 1:colcon.colcon_core.environment:checking '/home/ductrung/ros2_ws/install/my_robot_bringup' for CMake config files
[1.634s] Level 1:colcon.colcon_core.shell:create_environment_hook('my_robot_bringup', 'cmake_prefix_path')
[1.634s] INFO:colcon.colcon_core.shell:Creating environment hook '/home/ductrung/ros2_ws/install/my_robot_bringup/share/my_robot_bringup/hook/cmake_prefix_path.ps1'
[1.635s] INFO:colcon.colcon_core.shell:Creating environment descriptor '/home/ductrung/ros2_ws/install/my_robot_bringup/share/my_robot_bringup/hook/cmake_prefix_path.dsv'
[1.635s] INFO:colcon.colcon_core.shell:Creating environment hook '/home/ductrung/ros2_ws/install/my_robot_bringup/share/my_robot_bringup/hook/cmake_prefix_path.sh'
[1.637s] Level 1:colcon.colcon_core.environment:checking '/home/ductrung/ros2_ws/install/my_robot_bringup/bin'
[1.638s] Level 1:colcon.colcon_core.environment:checking '/home/ductrung/ros2_ws/install/my_robot_bringup/lib/pkgconfig/my_robot_bringup.pc'
[1.638s] Level 1:colcon.colcon_core.environment:checking '/home/ductrung/ros2_ws/install/my_robot_bringup/lib/python3.10/site-packages'
[1.638s] Level 1:colcon.colcon_core.environment:checking '/home/ductrung/ros2_ws/install/my_robot_bringup/bin'
[1.639s] INFO:colcon.colcon_core.shell:Creating package script '/home/ductrung/ros2_ws/install/my_robot_bringup/share/my_robot_bringup/package.ps1'
[1.640s] INFO:colcon.colcon_core.shell:Creating package descriptor '/home/ductrung/ros2_ws/install/my_robot_bringup/share/my_robot_bringup/package.dsv'
[1.641s] INFO:colcon.colcon_core.shell:Creating package script '/home/ductrung/ros2_ws/install/my_robot_bringup/share/my_robot_bringup/package.sh'
[1.641s] INFO:colcon.colcon_core.shell:Creating package script '/home/ductrung/ros2_ws/install/my_robot_bringup/share/my_robot_bringup/package.bash'
[1.642s] INFO:colcon.colcon_core.shell:Creating package script '/home/ductrung/ros2_ws/install/my_robot_bringup/share/my_robot_bringup/package.zsh'
[1.642s] Level 1:colcon.colcon_core.environment:create_file_with_runtime_dependencies(/home/ductrung/ros2_ws/install/my_robot_bringup/share/colcon-core/packages/my_robot_bringup)
[1.644s] DEBUG:colcon.colcon_parallel_executor.executor.parallel:closing loop
[1.645s] DEBUG:colcon.colcon_parallel_executor.executor.parallel:loop closed
[1.646s] DEBUG:colcon.colcon_parallel_executor.executor.parallel:run_until_complete finished with '0'
[1.646s] DEBUG:colcon.colcon_core.event_reactor:joining thread
[1.668s] INFO:colcon.colcon_core.plugin_system:Skipping extension 'colcon_notification.desktop_notification.terminal_notifier': Not used on non-Darwin systems
[1.668s] INFO:colcon.colcon_core.plugin_system:Skipping extension 'colcon_notification.desktop_notification.win32': Not used on non-Windows systems
[1.668s] INFO:colcon.colcon_notification.desktop_notification:Sending desktop notification using 'notify2'
[2.377s] DEBUG:colcon.colcon_core.event_reactor:joined thread
[2.377s] INFO:colcon.colcon_core.shell:Creating prefix script '/home/ductrung/ros2_ws/install/local_setup.ps1'
[2.380s] INFO:colcon.colcon_core.shell:Creating prefix util module '/home/ductrung/ros2_ws/install/_local_setup_util_ps1.py'
[2.382s] INFO:colcon.colcon_core.shell:Creating prefix chain script '/home/ductrung/ros2_ws/install/setup.ps1'
[2.385s] INFO:colcon.colcon_core.shell:Creating prefix script '/home/ductrung/ros2_ws/install/local_setup.sh'
[2.388s] INFO:colcon.colcon_core.shell:Creating prefix util module '/home/ductrung/ros2_ws/install/_local_setup_util_sh.py'
[2.389s] INFO:colcon.colcon_core.shell:Creating prefix chain script '/home/ductrung/ros2_ws/install/setup.sh'
[2.391s] INFO:colcon.colcon_core.shell:Creating prefix script '/home/ductrung/ros2_ws/install/local_setup.bash'
[2.394s] INFO:colcon.colcon_core.shell:Creating prefix chain script '/home/ductrung/ros2_ws/install/setup.bash'
[2.396s] INFO:colcon.colcon_core.shell:Creating prefix script '/home/ductrung/ros2_ws/install/local_setup.zsh'
[2.398s] INFO:colcon.colcon_core.shell:Creating prefix chain script '/home/ductrung/ros2_ws/install/setup.zsh'
