[0.112s] DEBUG:colcon:Command line arguments: ['/usr/bin/colcon', 'build']
[0.112s] DEBUG:colcon:Parsed command line arguments: Namespace(log_base=None, log_level=None, verb_name='build', build_base='build', install_base='install', merge_install=False, symlink_install=False, test_result_base=None, continue_on_error=False, executor='parallel', parallel_workers=4, event_handlers=None, ignore_user_meta=False, metas=['./colcon.meta'], base_paths=['.'], packages_ignore=None, packages_ignore_regex=None, paths=None, packages_up_to=None, packages_up_to_regex=None, packages_above=None, packages_above_and_dependencies=None, packages_above_depth=None, packages_select_by_dep=None, packages_skip_by_dep=None, packages_skip_up_to=None, packages_select_build_failed=False, packages_skip_build_finished=False, packages_select_test_failures=False, packages_skip_test_passed=False, packages_select=None, packages_skip=None, packages_select_regex=None, packages_skip_regex=None, packages_start=None, packages_end=None, allow_overriding=[], cmake_args=None, cmake_target=None, cmake_target_skip_unavailable=False, cmake_clean_cache=False, cmake_clean_first=False, cmake_force_configure=False, ament_cmake_args=None, catkin_cmake_args=None, catkin_skip_building_tests=False, mixin_files=None, mixin=None, verb_parser=<colcon_mixin.mixin.mixin_argument.MixinArgumentDecorator object at 0x713f7a4564a0>, verb_extension=<colcon_core.verb.build.BuildVerb object at 0x713f7a455fc0>, main=<bound method BuildVerb.main of <colcon_core.verb.build.BuildVerb object at 0x713f7a455fc0>>, mixin_verb=('build',))
[0.249s] Level 1:colcon.colcon_core.package_discovery:discover_packages(colcon_meta) check parameters
[0.249s] Level 1:colcon.colcon_core.package_discovery:discover_packages(recursive) check parameters
[0.249s] Level 1:colcon.colcon_core.package_discovery:discover_packages(ignore) check parameters
[0.249s] Level 1:colcon.colcon_core.package_discovery:discover_packages(path) check parameters
[0.249s] Level 1:colcon.colcon_core.package_discovery:discover_packages(colcon_meta) discover
[0.249s] Level 1:colcon.colcon_core.package_discovery:discover_packages(recursive) discover
[0.249s] INFO:colcon.colcon_core.package_discovery:Crawling recursively for packages in '/home/ductrung/ros2_ws'
[0.249s] Level 1:colcon.colcon_core.package_identification:_identify(.) by extensions ['ignore', 'ignore_ament_install']
[0.250s] Level 1:colcon.colcon_core.package_identification:_identify(.) by extension 'ignore'
[0.250s] Level 1:colcon.colcon_core.package_identification:_identify(.) by extension 'ignore_ament_install'
[0.250s] Level 1:colcon.colcon_core.package_identification:_identify(.) by extensions ['colcon_pkg']
[0.250s] Level 1:colcon.colcon_core.package_identification:_identify(.) by extension 'colcon_pkg'
[0.250s] Level 1:colcon.colcon_core.package_identification:_identify(.) by extensions ['colcon_meta']
[0.250s] Level 1:colcon.colcon_core.package_identification:_identify(.) by extension 'colcon_meta'
[0.250s] Level 1:colcon.colcon_core.package_identification:_identify(.) by extensions ['ros']
[0.250s] Level 1:colcon.colcon_core.package_identification:_identify(.) by extension 'ros'
[0.260s] Level 1:colcon.colcon_core.package_identification:_identify(.) by extensions ['cmake', 'python']
[0.260s] Level 1:colcon.colcon_core.package_identification:_identify(.) by extension 'cmake'
[0.260s] Level 1:colcon.colcon_core.package_identification:_identify(.) by extension 'python'
[0.260s] Level 1:colcon.colcon_core.package_identification:_identify(.) by extensions ['python_setup_py']
[0.260s] Level 1:colcon.colcon_core.package_identification:_identify(.) by extension 'python_setup_py'
[0.260s] Level 1:colcon.colcon_core.package_identification:_identify(build) by extensions ['ignore', 'ignore_ament_install']
[0.260s] Level 1:colcon.colcon_core.package_identification:_identify(build) by extension 'ignore'
[0.260s] Level 1:colcon.colcon_core.package_identification:_identify(build) ignored
[0.260s] Level 1:colcon.colcon_core.package_identification:_identify(install) by extensions ['ignore', 'ignore_ament_install']
[0.260s] Level 1:colcon.colcon_core.package_identification:_identify(install) by extension 'ignore'
[0.260s] Level 1:colcon.colcon_core.package_identification:_identify(install) ignored
[0.260s] Level 1:colcon.colcon_core.package_identification:_identify(log) by extensions ['ignore', 'ignore_ament_install']
[0.260s] Level 1:colcon.colcon_core.package_identification:_identify(log) by extension 'ignore'
[0.260s] Level 1:colcon.colcon_core.package_identification:_identify(log) ignored
[0.261s] Level 1:colcon.colcon_core.package_identification:_identify(src) by extensions ['ignore', 'ignore_ament_install']
[0.261s] Level 1:colcon.colcon_core.package_identification:_identify(src) by extension 'ignore'
[0.261s] Level 1:colcon.colcon_core.package_identification:_identify(src) by extension 'ignore_ament_install'
[0.261s] Level 1:colcon.colcon_core.package_identification:_identify(src) by extensions ['colcon_pkg']
[0.261s] Level 1:colcon.colcon_core.package_identification:_identify(src) by extension 'colcon_pkg'
[0.261s] Level 1:colcon.colcon_core.package_identification:_identify(src) by extensions ['colcon_meta']
[0.261s] Level 1:colcon.colcon_core.package_identification:_identify(src) by extension 'colcon_meta'
[0.261s] Level 1:colcon.colcon_core.package_identification:_identify(src) by extensions ['ros']
[0.261s] Level 1:colcon.colcon_core.package_identification:_identify(src) by extension 'ros'
[0.261s] Level 1:colcon.colcon_core.package_identification:_identify(src) by extensions ['cmake', 'python']
[0.261s] Level 1:colcon.colcon_core.package_identification:_identify(src) by extension 'cmake'
[0.261s] Level 1:colcon.colcon_core.package_identification:_identify(src) by extension 'python'
[0.261s] Level 1:colcon.colcon_core.package_identification:_identify(src) by extensions ['python_setup_py']
[0.261s] Level 1:colcon.colcon_core.package_identification:_identify(src) by extension 'python_setup_py'
[0.261s] Level 1:colcon.colcon_core.package_identification:_identify(src/build) by extensions ['ignore', 'ignore_ament_install']
[0.261s] Level 1:colcon.colcon_core.package_identification:_identify(src/build) by extension 'ignore'
[0.261s] Level 1:colcon.colcon_core.package_identification:_identify(src/build) ignored
[0.261s] Level 1:colcon.colcon_core.package_identification:_identify(src/install) by extensions ['ignore', 'ignore_ament_install']
[0.261s] Level 1:colcon.colcon_core.package_identification:_identify(src/install) by extension 'ignore'
[0.261s] Level 1:colcon.colcon_core.package_identification:_identify(src/install) ignored
[0.261s] Level 1:colcon.colcon_core.package_identification:_identify(src/log) by extensions ['ignore', 'ignore_ament_install']
[0.261s] Level 1:colcon.colcon_core.package_identification:_identify(src/log) by extension 'ignore'
[0.262s] Level 1:colcon.colcon_core.package_identification:_identify(src/log) ignored
[0.262s] Level 1:colcon.colcon_core.package_identification:_identify(src/my_robot_bringup) by extensions ['ignore', 'ignore_ament_install']
[0.262s] Level 1:colcon.colcon_core.package_identification:_identify(src/my_robot_bringup) by extension 'ignore'
[0.262s] Level 1:colcon.colcon_core.package_identification:_identify(src/my_robot_bringup) by extension 'ignore_ament_install'
[0.262s] Level 1:colcon.colcon_core.package_identification:_identify(src/my_robot_bringup) by extensions ['colcon_pkg']
[0.262s] Level 1:colcon.colcon_core.package_identification:_identify(src/my_robot_bringup) by extension 'colcon_pkg'
[0.262s] Level 1:colcon.colcon_core.package_identification:_identify(src/my_robot_bringup) by extensions ['colcon_meta']
[0.262s] Level 1:colcon.colcon_core.package_identification:_identify(src/my_robot_bringup) by extension 'colcon_meta'
[0.262s] Level 1:colcon.colcon_core.package_identification:_identify(src/my_robot_bringup) by extensions ['ros']
[0.262s] Level 1:colcon.colcon_core.package_identification:_identify(src/my_robot_bringup) by extension 'ros'
[0.264s] DEBUG:colcon.colcon_core.package_identification:Package 'src/my_robot_bringup' with type 'ros.ament_cmake' and name 'my_robot_bringup'
[0.264s] Level 1:colcon.colcon_core.package_identification:_identify(src/my_robot_description) by extensions ['ignore', 'ignore_ament_install']
[0.264s] Level 1:colcon.colcon_core.package_identification:_identify(src/my_robot_description) by extension 'ignore'
[0.264s] Level 1:colcon.colcon_core.package_identification:_identify(src/my_robot_description) by extension 'ignore_ament_install'
[0.264s] Level 1:colcon.colcon_core.package_identification:_identify(src/my_robot_description) by extensions ['colcon_pkg']
[0.264s] Level 1:colcon.colcon_core.package_identification:_identify(src/my_robot_description) by extension 'colcon_pkg'
[0.264s] Level 1:colcon.colcon_core.package_identification:_identify(src/my_robot_description) by extensions ['colcon_meta']
[0.264s] Level 1:colcon.colcon_core.package_identification:_identify(src/my_robot_description) by extension 'colcon_meta'
[0.264s] Level 1:colcon.colcon_core.package_identification:_identify(src/my_robot_description) by extensions ['ros']
[0.264s] Level 1:colcon.colcon_core.package_identification:_identify(src/my_robot_description) by extension 'ros'
[0.265s] DEBUG:colcon.colcon_core.package_identification:Package 'src/my_robot_description' with type 'ros.ament_cmake' and name 'my_robot_description'
[0.265s] Level 1:colcon.colcon_core.package_discovery:discover_packages(recursive) using defaults
[0.265s] Level 1:colcon.colcon_core.package_discovery:discover_packages(ignore) discover
[0.265s] Level 1:colcon.colcon_core.package_discovery:discover_packages(ignore) using defaults
[0.265s] Level 1:colcon.colcon_core.package_discovery:discover_packages(path) discover
[0.265s] Level 1:colcon.colcon_core.package_discovery:discover_packages(path) using defaults
[0.290s] Level 1:colcon.colcon_core.package_discovery:discover_packages(prefix_path) check parameters
[0.290s] Level 1:colcon.colcon_core.package_discovery:discover_packages(prefix_path) discover
[0.291s] DEBUG:colcon.colcon_installed_package_information.package_discovery:Found 2 installed packages in /home/ductrung/ros2_ws/install
[0.292s] DEBUG:colcon.colcon_installed_package_information.package_discovery:Found 319 installed packages in /opt/ros/humble
[0.308s] Level 1:colcon.colcon_core.package_discovery:discover_packages(prefix_path) using defaults
[0.342s] Level 5:colcon.colcon_core.verb:set package 'my_robot_description' build argument 'cmake_args' from command line to 'None'
[0.342s] Level 5:colcon.colcon_core.verb:set package 'my_robot_description' build argument 'cmake_target' from command line to 'None'
[0.342s] Level 5:colcon.colcon_core.verb:set package 'my_robot_description' build argument 'cmake_target_skip_unavailable' from command line to 'False'
[0.342s] Level 5:colcon.colcon_core.verb:set package 'my_robot_description' build argument 'cmake_clean_cache' from command line to 'False'
[0.342s] Level 5:colcon.colcon_core.verb:set package 'my_robot_description' build argument 'cmake_clean_first' from command line to 'False'
[0.342s] Level 5:colcon.colcon_core.verb:set package 'my_robot_description' build argument 'cmake_force_configure' from command line to 'False'
[0.342s] Level 5:colcon.colcon_core.verb:set package 'my_robot_description' build argument 'ament_cmake_args' from command line to 'None'
[0.342s] Level 5:colcon.colcon_core.verb:set package 'my_robot_description' build argument 'catkin_cmake_args' from command line to 'None'
[0.342s] Level 5:colcon.colcon_core.verb:set package 'my_robot_description' build argument 'catkin_skip_building_tests' from command line to 'False'
[0.342s] DEBUG:colcon.colcon_core.verb:Building package 'my_robot_description' with the following arguments: {'ament_cmake_args': None, 'build_base': '/home/ductrung/ros2_ws/build/my_robot_description', 'catkin_cmake_args': None, 'catkin_skip_building_tests': False, 'cmake_args': None, 'cmake_clean_cache': False, 'cmake_clean_first': False, 'cmake_force_configure': False, 'cmake_target': None, 'cmake_target_skip_unavailable': False, 'install_base': '/home/ductrung/ros2_ws/install/my_robot_description', 'merge_install': False, 'path': '/home/ductrung/ros2_ws/src/my_robot_description', 'symlink_install': False, 'test_result_base': None}
[0.342s] Level 5:colcon.colcon_core.verb:set package 'my_robot_bringup' build argument 'cmake_args' from command line to 'None'
[0.343s] Level 5:colcon.colcon_core.verb:set package 'my_robot_bringup' build argument 'cmake_target' from command line to 'None'
[0.343s] Level 5:colcon.colcon_core.verb:set package 'my_robot_bringup' build argument 'cmake_target_skip_unavailable' from command line to 'False'
[0.343s] Level 5:colcon.colcon_core.verb:set package 'my_robot_bringup' build argument 'cmake_clean_cache' from command line to 'False'
[0.343s] Level 5:colcon.colcon_core.verb:set package 'my_robot_bringup' build argument 'cmake_clean_first' from command line to 'False'
[0.343s] Level 5:colcon.colcon_core.verb:set package 'my_robot_bringup' build argument 'cmake_force_configure' from command line to 'False'
[0.343s] Level 5:colcon.colcon_core.verb:set package 'my_robot_bringup' build argument 'ament_cmake_args' from command line to 'None'
[0.343s] Level 5:colcon.colcon_core.verb:set package 'my_robot_bringup' build argument 'catkin_cmake_args' from command line to 'None'
[0.343s] Level 5:colcon.colcon_core.verb:set package 'my_robot_bringup' build argument 'catkin_skip_building_tests' from command line to 'False'
[0.343s] DEBUG:colcon.colcon_core.verb:Building package 'my_robot_bringup' with the following arguments: {'ament_cmake_args': None, 'build_base': '/home/ductrung/ros2_ws/build/my_robot_bringup', 'catkin_cmake_args': None, 'catkin_skip_building_tests': False, 'cmake_args': None, 'cmake_clean_cache': False, 'cmake_clean_first': False, 'cmake_force_configure': False, 'cmake_target': None, 'cmake_target_skip_unavailable': False, 'install_base': '/home/ductrung/ros2_ws/install/my_robot_bringup', 'merge_install': False, 'path': '/home/ductrung/ros2_ws/src/my_robot_bringup', 'symlink_install': False, 'test_result_base': None}
[0.343s] INFO:colcon.colcon_core.executor:Executing jobs using 'parallel' executor
[0.346s] DEBUG:colcon.colcon_parallel_executor.executor.parallel:run_until_complete
[0.347s] INFO:colcon.colcon_ros.task.ament_cmake.build:Building ROS package in '/home/ductrung/ros2_ws/src/my_robot_description' with build type 'ament_cmake'
[0.347s] INFO:colcon.colcon_cmake.task.cmake.build:Building CMake package in '/home/ductrung/ros2_ws/src/my_robot_description'
[0.350s] INFO:colcon.colcon_core.plugin_system:Skipping extension 'colcon_core.shell.bat': Not used on non-Windows systems
[0.351s] INFO:colcon.colcon_core.shell:Skip shell extension 'powershell' for command environment: Not usable outside of PowerShell
[0.351s] DEBUG:colcon.colcon_core.shell:Skip shell extension 'dsv' for command environment
[0.369s] DEBUG:colcon.colcon_core.event_handler.log_command:Invoking command in '/home/ductrung/ros2_ws/build/my_robot_description': CMAKE_PREFIX_PATH=${CMAKE_PREFIX_PATH}:/opt/ros/humble /usr/bin/cmake --build /home/ductrung/ros2_ws/build/my_robot_description -- -j4 -l4
[0.457s] DEBUG:colcon.colcon_core.event_handler.log_command:Invoked command in '/home/ductrung/ros2_ws/build/my_robot_description' returned '0': CMAKE_PREFIX_PATH=${CMAKE_PREFIX_PATH}:/opt/ros/humble /usr/bin/cmake --build /home/ductrung/ros2_ws/build/my_robot_description -- -j4 -l4
[0.615s] DEBUG:colcon.colcon_core.event_handler.log_command:Invoking command in '/home/ductrung/ros2_ws/build/my_robot_description': CMAKE_PREFIX_PATH=${CMAKE_PREFIX_PATH}:/opt/ros/humble /usr/bin/cmake --install /home/ductrung/ros2_ws/build/my_robot_description
[0.657s] Level 1:colcon.colcon_core.environment:create_environment_scripts_only(my_robot_description)
[0.658s] DEBUG:colcon.colcon_core.event_handler.log_command:Invoked command in '/home/ductrung/ros2_ws/build/my_robot_description' returned '0': CMAKE_PREFIX_PATH=${CMAKE_PREFIX_PATH}:/opt/ros/humble /usr/bin/cmake --install /home/ductrung/ros2_ws/build/my_robot_description
[0.660s] Level 1:colcon.colcon_core.environment:checking '/home/ductrung/ros2_ws/install/my_robot_description' for CMake module files
[0.661s] Level 1:colcon.colcon_core.environment:checking '/home/ductrung/ros2_ws/install/my_robot_description' for CMake config files
[0.661s] Level 1:colcon.colcon_core.shell:create_environment_hook('my_robot_description', 'cmake_prefix_path')
[0.661s] INFO:colcon.colcon_core.shell:Creating environment hook '/home/ductrung/ros2_ws/install/my_robot_description/share/my_robot_description/hook/cmake_prefix_path.ps1'
[0.662s] INFO:colcon.colcon_core.shell:Creating environment descriptor '/home/ductrung/ros2_ws/install/my_robot_description/share/my_robot_description/hook/cmake_prefix_path.dsv'
[0.663s] INFO:colcon.colcon_core.shell:Creating environment hook '/home/ductrung/ros2_ws/install/my_robot_description/share/my_robot_description/hook/cmake_prefix_path.sh'
[0.664s] Level 1:colcon.colcon_core.environment:checking '/home/ductrung/ros2_ws/install/my_robot_description/bin'
[0.664s] Level 1:colcon.colcon_core.environment:checking '/home/ductrung/ros2_ws/install/my_robot_description/lib/pkgconfig/my_robot_description.pc'
[0.664s] Level 1:colcon.colcon_core.environment:checking '/home/ductrung/ros2_ws/install/my_robot_description/lib/python3.10/site-packages'
[0.665s] Level 1:colcon.colcon_core.environment:checking '/home/ductrung/ros2_ws/install/my_robot_description/bin'
[0.665s] INFO:colcon.colcon_core.shell:Creating package script '/home/ductrung/ros2_ws/install/my_robot_description/share/my_robot_description/package.ps1'
[0.666s] INFO:colcon.colcon_core.shell:Creating package descriptor '/home/ductrung/ros2_ws/install/my_robot_description/share/my_robot_description/package.dsv'
[0.666s] INFO:colcon.colcon_core.shell:Creating package script '/home/ductrung/ros2_ws/install/my_robot_description/share/my_robot_description/package.sh'
[0.667s] INFO:colcon.colcon_core.shell:Creating package script '/home/ductrung/ros2_ws/install/my_robot_description/share/my_robot_description/package.bash'
[0.668s] INFO:colcon.colcon_core.shell:Creating package script '/home/ductrung/ros2_ws/install/my_robot_description/share/my_robot_description/package.zsh'
[0.669s] Level 1:colcon.colcon_core.environment:create_file_with_runtime_dependencies(/home/ductrung/ros2_ws/install/my_robot_description/share/colcon-core/packages/my_robot_description)
[0.744s] Level 1:colcon.colcon_core.environment:create_environment_scripts_only(my_robot_description)
[0.745s] Level 1:colcon.colcon_core.environment:checking '/home/ductrung/ros2_ws/install/my_robot_description' for CMake module files
[0.748s] Level 1:colcon.colcon_core.environment:checking '/home/ductrung/ros2_ws/install/my_robot_description' for CMake config files
[0.751s] Level 1:colcon.colcon_core.shell:create_environment_hook('my_robot_description', 'cmake_prefix_path')
[0.751s] INFO:colcon.colcon_core.shell:Creating environment hook '/home/ductrung/ros2_ws/install/my_robot_description/share/my_robot_description/hook/cmake_prefix_path.ps1'
[0.752s] INFO:colcon.colcon_core.shell:Creating environment descriptor '/home/ductrung/ros2_ws/install/my_robot_description/share/my_robot_description/hook/cmake_prefix_path.dsv'
[0.753s] INFO:colcon.colcon_core.shell:Creating environment hook '/home/ductrung/ros2_ws/install/my_robot_description/share/my_robot_description/hook/cmake_prefix_path.sh'
[0.754s] Level 1:colcon.colcon_core.environment:checking '/home/ductrung/ros2_ws/install/my_robot_description/bin'
[0.754s] Level 1:colcon.colcon_core.environment:checking '/home/ductrung/ros2_ws/install/my_robot_description/lib/pkgconfig/my_robot_description.pc'
[0.754s] Level 1:colcon.colcon_core.environment:checking '/home/ductrung/ros2_ws/install/my_robot_description/lib/python3.10/site-packages'
[0.755s] Level 1:colcon.colcon_core.environment:checking '/home/ductrung/ros2_ws/install/my_robot_description/bin'
[0.755s] INFO:colcon.colcon_core.shell:Creating package script '/home/ductrung/ros2_ws/install/my_robot_description/share/my_robot_description/package.ps1'
[0.755s] INFO:colcon.colcon_core.shell:Creating package descriptor '/home/ductrung/ros2_ws/install/my_robot_description/share/my_robot_description/package.dsv'
[0.756s] INFO:colcon.colcon_core.shell:Creating package script '/home/ductrung/ros2_ws/install/my_robot_description/share/my_robot_description/package.sh'
[0.757s] INFO:colcon.colcon_core.shell:Creating package script '/home/ductrung/ros2_ws/install/my_robot_description/share/my_robot_description/package.bash'
[0.758s] INFO:colcon.colcon_core.shell:Creating package script '/home/ductrung/ros2_ws/install/my_robot_description/share/my_robot_description/package.zsh'
[0.758s] Level 1:colcon.colcon_core.environment:create_file_with_runtime_dependencies(/home/ductrung/ros2_ws/install/my_robot_description/share/colcon-core/packages/my_robot_description)
[0.759s] INFO:colcon.colcon_ros.task.ament_cmake.build:Building ROS package in '/home/ductrung/ros2_ws/src/my_robot_bringup' with build type 'ament_cmake'
[0.759s] INFO:colcon.colcon_cmake.task.cmake.build:Building CMake package in '/home/ductrung/ros2_ws/src/my_robot_bringup'
[0.759s] INFO:colcon.colcon_core.shell:Skip shell extension 'powershell' for command environment: Not usable outside of PowerShell
[0.759s] DEBUG:colcon.colcon_core.shell:Skip shell extension 'dsv' for command environment
[0.784s] DEBUG:colcon.colcon_core.event_handler.log_command:Invoking command in '/home/ductrung/ros2_ws/build/my_robot_bringup': CMAKE_PREFIX_PATH=/home/ductrung/ros2_ws/install/my_robot_description:/home/ductrung/ros2_ws/install/my_robot_bringup:/opt/ros/humble /usr/bin/cmake --build /home/ductrung/ros2_ws/build/my_robot_bringup -- -j4 -l4
[0.909s] DEBUG:colcon.colcon_core.event_handler.log_command:Invoked command in '/home/ductrung/ros2_ws/build/my_robot_bringup' returned '0': CMAKE_PREFIX_PATH=/home/ductrung/ros2_ws/install/my_robot_description:/home/ductrung/ros2_ws/install/my_robot_bringup:/opt/ros/humble /usr/bin/cmake --build /home/ductrung/ros2_ws/build/my_robot_bringup -- -j4 -l4
[0.992s] DEBUG:colcon.colcon_core.event_handler.log_command:Invoking command in '/home/ductrung/ros2_ws/build/my_robot_bringup': CMAKE_PREFIX_PATH=/home/ductrung/ros2_ws/install/my_robot_description:/home/ductrung/ros2_ws/install/my_robot_bringup:/opt/ros/humble /usr/bin/cmake --install /home/ductrung/ros2_ws/build/my_robot_bringup
[1.033s] Level 1:colcon.colcon_core.environment:create_environment_scripts_only(my_robot_bringup)
[1.033s] Level 1:colcon.colcon_core.environment:checking '/home/ductrung/ros2_ws/install/my_robot_bringup' for CMake module files
[1.034s] DEBUG:colcon.colcon_core.event_handler.log_command:Invoked command in '/home/ductrung/ros2_ws/build/my_robot_bringup' returned '0': CMAKE_PREFIX_PATH=/home/ductrung/ros2_ws/install/my_robot_description:/home/ductrung/ros2_ws/install/my_robot_bringup:/opt/ros/humble /usr/bin/cmake --install /home/ductrung/ros2_ws/build/my_robot_bringup
[1.034s] Level 1:colcon.colcon_core.environment:checking '/home/ductrung/ros2_ws/install/my_robot_bringup' for CMake config files
[1.034s] Level 1:colcon.colcon_core.shell:create_environment_hook('my_robot_bringup', 'cmake_prefix_path')
[1.035s] INFO:colcon.colcon_core.shell:Creating environment hook '/home/ductrung/ros2_ws/install/my_robot_bringup/share/my_robot_bringup/hook/cmake_prefix_path.ps1'
[1.037s] INFO:colcon.colcon_core.shell:Creating environment descriptor '/home/ductrung/ros2_ws/install/my_robot_bringup/share/my_robot_bringup/hook/cmake_prefix_path.dsv'
[1.038s] INFO:colcon.colcon_core.shell:Creating environment hook '/home/ductrung/ros2_ws/install/my_robot_bringup/share/my_robot_bringup/hook/cmake_prefix_path.sh'
[1.042s] Level 1:colcon.colcon_core.environment:checking '/home/ductrung/ros2_ws/install/my_robot_bringup/bin'
[1.042s] Level 1:colcon.colcon_core.environment:checking '/home/ductrung/ros2_ws/install/my_robot_bringup/lib/pkgconfig/my_robot_bringup.pc'
[1.042s] Level 1:colcon.colcon_core.environment:checking '/home/ductrung/ros2_ws/install/my_robot_bringup/lib/python3.10/site-packages'
[1.042s] Level 1:colcon.colcon_core.environment:checking '/home/ductrung/ros2_ws/install/my_robot_bringup/bin'
[1.043s] INFO:colcon.colcon_core.shell:Creating package script '/home/ductrung/ros2_ws/install/my_robot_bringup/share/my_robot_bringup/package.ps1'
[1.044s] INFO:colcon.colcon_core.shell:Creating package descriptor '/home/ductrung/ros2_ws/install/my_robot_bringup/share/my_robot_bringup/package.dsv'
[1.044s] INFO:colcon.colcon_core.shell:Creating package script '/home/ductrung/ros2_ws/install/my_robot_bringup/share/my_robot_bringup/package.sh'
[1.046s] INFO:colcon.colcon_core.shell:Creating package script '/home/ductrung/ros2_ws/install/my_robot_bringup/share/my_robot_bringup/package.bash'
[1.048s] INFO:colcon.colcon_core.shell:Creating package script '/home/ductrung/ros2_ws/install/my_robot_bringup/share/my_robot_bringup/package.zsh'
[1.049s] Level 1:colcon.colcon_core.environment:create_file_with_runtime_dependencies(/home/ductrung/ros2_ws/install/my_robot_bringup/share/colcon-core/packages/my_robot_bringup)
[1.140s] Level 1:colcon.colcon_core.environment:create_environment_scripts_only(my_robot_bringup)
[1.140s] Level 1:colcon.colcon_core.environment:checking '/home/ductrung/ros2_ws/install/my_robot_bringup' for CMake module files
[1.141s] Level 1:colcon.colcon_core.environment:checking '/home/ductrung/ros2_ws/install/my_robot_bringup' for CMake config files
[1.141s] Level 1:colcon.colcon_core.shell:create_environment_hook('my_robot_bringup', 'cmake_prefix_path')
[1.142s] INFO:colcon.colcon_core.shell:Creating environment hook '/home/ductrung/ros2_ws/install/my_robot_bringup/share/my_robot_bringup/hook/cmake_prefix_path.ps1'
[1.143s] INFO:colcon.colcon_core.shell:Creating environment descriptor '/home/ductrung/ros2_ws/install/my_robot_bringup/share/my_robot_bringup/hook/cmake_prefix_path.dsv'
[1.146s] INFO:colcon.colcon_core.shell:Creating environment hook '/home/ductrung/ros2_ws/install/my_robot_bringup/share/my_robot_bringup/hook/cmake_prefix_path.sh'
[1.149s] Level 1:colcon.colcon_core.environment:checking '/home/ductrung/ros2_ws/install/my_robot_bringup/bin'
[1.149s] Level 1:colcon.colcon_core.environment:checking '/home/ductrung/ros2_ws/install/my_robot_bringup/lib/pkgconfig/my_robot_bringup.pc'
[1.149s] Level 1:colcon.colcon_core.environment:checking '/home/ductrung/ros2_ws/install/my_robot_bringup/lib/python3.10/site-packages'
[1.149s] Level 1:colcon.colcon_core.environment:checking '/home/ductrung/ros2_ws/install/my_robot_bringup/bin'
[1.150s] INFO:colcon.colcon_core.shell:Creating package script '/home/ductrung/ros2_ws/install/my_robot_bringup/share/my_robot_bringup/package.ps1'
[1.151s] INFO:colcon.colcon_core.shell:Creating package descriptor '/home/ductrung/ros2_ws/install/my_robot_bringup/share/my_robot_bringup/package.dsv'
[1.152s] INFO:colcon.colcon_core.shell:Creating package script '/home/ductrung/ros2_ws/install/my_robot_bringup/share/my_robot_bringup/package.sh'
[1.153s] INFO:colcon.colcon_core.shell:Creating package script '/home/ductrung/ros2_ws/install/my_robot_bringup/share/my_robot_bringup/package.bash'
[1.154s] INFO:colcon.colcon_core.shell:Creating package script '/home/ductrung/ros2_ws/install/my_robot_bringup/share/my_robot_bringup/package.zsh'
[1.154s] Level 1:colcon.colcon_core.environment:create_file_with_runtime_dependencies(/home/ductrung/ros2_ws/install/my_robot_bringup/share/colcon-core/packages/my_robot_bringup)
[1.155s] DEBUG:colcon.colcon_parallel_executor.executor.parallel:closing loop
[1.155s] DEBUG:colcon.colcon_parallel_executor.executor.parallel:loop closed
[1.155s] DEBUG:colcon.colcon_parallel_executor.executor.parallel:run_until_complete finished with '0'
[1.155s] DEBUG:colcon.colcon_core.event_reactor:joining thread
[1.160s] INFO:colcon.colcon_core.plugin_system:Skipping extension 'colcon_notification.desktop_notification.terminal_notifier': Not used on non-Darwin systems
[1.161s] INFO:colcon.colcon_core.plugin_system:Skipping extension 'colcon_notification.desktop_notification.win32': Not used on non-Windows systems
[1.161s] INFO:colcon.colcon_notification.desktop_notification:Sending desktop notification using 'notify2'
[1.180s] DEBUG:colcon.colcon_core.event_reactor:joined thread
[1.181s] INFO:colcon.colcon_core.shell:Creating prefix script '/home/ductrung/ros2_ws/install/local_setup.ps1'
[1.182s] INFO:colcon.colcon_core.shell:Creating prefix util module '/home/ductrung/ros2_ws/install/_local_setup_util_ps1.py'
[1.184s] INFO:colcon.colcon_core.shell:Creating prefix chain script '/home/ductrung/ros2_ws/install/setup.ps1'
[1.186s] INFO:colcon.colcon_core.shell:Creating prefix script '/home/ductrung/ros2_ws/install/local_setup.sh'
[1.186s] INFO:colcon.colcon_core.shell:Creating prefix util module '/home/ductrung/ros2_ws/install/_local_setup_util_sh.py'
[1.187s] INFO:colcon.colcon_core.shell:Creating prefix chain script '/home/ductrung/ros2_ws/install/setup.sh'
[1.188s] INFO:colcon.colcon_core.shell:Creating prefix script '/home/ductrung/ros2_ws/install/local_setup.bash'
[1.189s] INFO:colcon.colcon_core.shell:Creating prefix chain script '/home/ductrung/ros2_ws/install/setup.bash'
[1.190s] INFO:colcon.colcon_core.shell:Creating prefix script '/home/ductrung/ros2_ws/install/local_setup.zsh'
[1.190s] INFO:colcon.colcon_core.shell:Creating prefix chain script '/home/ductrung/ros2_ws/install/setup.zsh'
