[0.054s] Invoking command in '/home/ductrung/ros2_ws/build/my_robot_bringup': CMAKE_PREFIX_PATH=/home/ductrung/ros2_ws/install/my_robot_description:/home/ductrung/ros2_ws/install/my_robot_bringup:/opt/ros/humble /usr/bin/cmake --build /home/ductrung/ros2_ws/build/my_robot_bringup -- -j4 -l4
[0.130s] Invoked command in '/home/ductrung/ros2_ws/build/my_robot_bringup' returned '0': CMAKE_PREFIX_PATH=/home/ductrung/ros2_ws/install/my_robot_description:/home/ductrung/ros2_ws/install/my_robot_bringup:/opt/ros/humble /usr/bin/cmake --build /home/ductrung/ros2_ws/build/my_robot_bringup -- -j4 -l4
[0.187s] Invoking command in '/home/ductrung/ros2_ws/build/my_robot_bringup': CMAKE_PREFIX_PATH=/home/ductrung/ros2_ws/install/my_robot_description:/home/ductrung/ros2_ws/install/my_robot_bringup:/opt/ros/humble /usr/bin/cmake --install /home/ductrung/ros2_ws/build/my_robot_bringup
[0.201s] -- Install configuration: ""
[0.202s] -- Execute custom install script
[0.205s] -- Up-to-date symlink: /home/ductrung/ros2_ws/install/my_robot_bringup/share/my_robot_bringup//launch/my_robot_gazebo.launch.xml
[0.205s] -- Up-to-date symlink: /home/ductrung/ros2_ws/install/my_robot_bringup/share/ament_index/resource_index/package_run_dependencies/my_robot_bringup
[0.207s] -- Up-to-date symlink: /home/ductrung/ros2_ws/install/my_robot_bringup/share/ament_index/resource_index/parent_prefix_path/my_robot_bringup
[0.209s] -- Up-to-date symlink: /home/ductrung/ros2_ws/install/my_robot_bringup/share/my_robot_bringup/environment/ament_prefix_path.sh
[0.210s] -- Up-to-date symlink: /home/ductrung/ros2_ws/install/my_robot_bringup/share/my_robot_bringup/environment/ament_prefix_path.dsv
[0.215s] -- Up-to-date symlink: /home/ductrung/ros2_ws/install/my_robot_bringup/share/my_robot_bringup/environment/path.sh
[0.217s] -- Up-to-date symlink: /home/ductrung/ros2_ws/install/my_robot_bringup/share/my_robot_bringup/environment/path.dsv
[0.218s] -- Up-to-date symlink: /home/ductrung/ros2_ws/install/my_robot_bringup/share/my_robot_bringup/local_setup.bash
[0.219s] -- Up-to-date symlink: /home/ductrung/ros2_ws/install/my_robot_bringup/share/my_robot_bringup/local_setup.sh
[0.221s] -- Up-to-date symlink: /home/ductrung/ros2_ws/install/my_robot_bringup/share/my_robot_bringup/local_setup.zsh
[0.221s] -- Up-to-date symlink: /home/ductrung/ros2_ws/install/my_robot_bringup/share/my_robot_bringup/local_setup.dsv
[0.221s] -- Symlinking: /home/ductrung/ros2_ws/install/my_robot_bringup/share/my_robot_bringup/package.dsv
[0.231s] -- Up-to-date symlink: /home/ductrung/ros2_ws/install/my_robot_bringup/share/ament_index/resource_index/packages/my_robot_bringup
[0.233s] -- Up-to-date symlink: /home/ductrung/ros2_ws/install/my_robot_bringup/share/my_robot_bringup/cmake/my_robot_bringupConfig.cmake
[0.233s] -- Up-to-date symlink: /home/ductrung/ros2_ws/install/my_robot_bringup/share/my_robot_bringup/cmake/my_robot_bringupConfig-version.cmake
[0.234s] -- Up-to-date symlink: /home/ductrung/ros2_ws/install/my_robot_bringup/share/my_robot_bringup/package.xml
[0.237s] Invoked command in '/home/ductrung/ros2_ws/build/my_robot_bringup' returned '0': CMAKE_PREFIX_PATH=/home/ductrung/ros2_ws/install/my_robot_description:/home/ductrung/ros2_ws/install/my_robot_bringup:/opt/ros/humble /usr/bin/cmake --install /home/ductrung/ros2_ws/build/my_robot_bringup
