[0.153s] DEBUG:colcon:Command line arguments: ['/usr/bin/colcon', 'build', '--symlink-install']
[0.154s] DEBUG:colcon:Parsed command line arguments: Namespace(log_base=None, log_level=None, verb_name='build', build_base='build', install_base='install', merge_install=False, symlink_install=True, test_result_base=None, continue_on_error=False, executor='parallel', parallel_workers=4, event_handlers=None, ignore_user_meta=False, metas=['./colcon.meta'], base_paths=['.'], packages_ignore=None, packages_ignore_regex=None, paths=None, packages_up_to=None, packages_up_to_regex=None, packages_above=None, packages_above_and_dependencies=None, packages_above_depth=None, packages_select_by_dep=None, packages_skip_by_dep=None, packages_skip_up_to=None, packages_select_build_failed=False, packages_skip_build_finished=False, packages_select_test_failures=False, packages_skip_test_passed=False, packages_select=None, packages_skip=None, packages_select_regex=None, packages_skip_regex=None, packages_start=None, packages_end=None, allow_overriding=[], cmake_args=None, cmake_target=None, cmake_target_skip_unavailable=False, cmake_clean_cache=False, cmake_clean_first=False, cmake_force_configure=False, ament_cmake_args=None, catkin_cmake_args=None, catkin_skip_building_tests=False, mixin_files=None, mixin=None, verb_parser=<colcon_mixin.mixin.mixin_argument.MixinArgumentDecorator object at 0x77f37264e4a0>, verb_extension=<colcon_core.verb.build.BuildVerb object at 0x77f37264dfc0>, main=<bound method BuildVerb.main of <colcon_core.verb.build.BuildVerb object at 0x77f37264dfc0>>, mixin_verb=('build',))
[0.307s] Level 1:colcon.colcon_core.package_discovery:discover_packages(colcon_meta) check parameters
[0.307s] Level 1:colcon.colcon_core.package_discovery:discover_packages(recursive) check parameters
[0.308s] Level 1:colcon.colcon_core.package_discovery:discover_packages(ignore) check parameters
[0.308s] Level 1:colcon.colcon_core.package_discovery:discover_packages(path) check parameters
[0.308s] Level 1:colcon.colcon_core.package_discovery:discover_packages(colcon_meta) discover
[0.308s] Level 1:colcon.colcon_core.package_discovery:discover_packages(recursive) discover
[0.308s] INFO:colcon.colcon_core.package_discovery:Crawling recursively for packages in '/home/ductrung/ros2_ws'
[0.308s] Level 1:colcon.colcon_core.package_identification:_identify(.) by extensions ['ignore', 'ignore_ament_install']
[0.308s] Level 1:colcon.colcon_core.package_identification:_identify(.) by extension 'ignore'
[0.308s] Level 1:colcon.colcon_core.package_identification:_identify(.) by extension 'ignore_ament_install'
[0.308s] Level 1:colcon.colcon_core.package_identification:_identify(.) by extensions ['colcon_pkg']
[0.308s] Level 1:colcon.colcon_core.package_identification:_identify(.) by extension 'colcon_pkg'
[0.308s] Level 1:colcon.colcon_core.package_identification:_identify(.) by extensions ['colcon_meta']
[0.308s] Level 1:colcon.colcon_core.package_identification:_identify(.) by extension 'colcon_meta'
[0.308s] Level 1:colcon.colcon_core.package_identification:_identify(.) by extensions ['ros']
[0.308s] Level 1:colcon.colcon_core.package_identification:_identify(.) by extension 'ros'
[0.321s] Level 1:colcon.colcon_core.package_identification:_identify(.) by extensions ['cmake', 'python']
[0.321s] Level 1:colcon.colcon_core.package_identification:_identify(.) by extension 'cmake'
[0.321s] Level 1:colcon.colcon_core.package_identification:_identify(.) by extension 'python'
[0.321s] Level 1:colcon.colcon_core.package_identification:_identify(.) by extensions ['python_setup_py']
[0.321s] Level 1:colcon.colcon_core.package_identification:_identify(.) by extension 'python_setup_py'
[0.322s] Level 1:colcon.colcon_core.package_identification:_identify(build) by extensions ['ignore', 'ignore_ament_install']
[0.322s] Level 1:colcon.colcon_core.package_identification:_identify(build) by extension 'ignore'
[0.322s] Level 1:colcon.colcon_core.package_identification:_identify(build) ignored
[0.322s] Level 1:colcon.colcon_core.package_identification:_identify(install) by extensions ['ignore', 'ignore_ament_install']
[0.322s] Level 1:colcon.colcon_core.package_identification:_identify(install) by extension 'ignore'
[0.322s] Level 1:colcon.colcon_core.package_identification:_identify(install) ignored
[0.322s] Level 1:colcon.colcon_core.package_identification:_identify(log) by extensions ['ignore', 'ignore_ament_install']
[0.322s] Level 1:colcon.colcon_core.package_identification:_identify(log) by extension 'ignore'
[0.322s] Level 1:colcon.colcon_core.package_identification:_identify(log) ignored
[0.322s] Level 1:colcon.colcon_core.package_identification:_identify(src) by extensions ['ignore', 'ignore_ament_install']
[0.322s] Level 1:colcon.colcon_core.package_identification:_identify(src) by extension 'ignore'
[0.322s] Level 1:colcon.colcon_core.package_identification:_identify(src) by extension 'ignore_ament_install'
[0.322s] Level 1:colcon.colcon_core.package_identification:_identify(src) by extensions ['colcon_pkg']
[0.322s] Level 1:colcon.colcon_core.package_identification:_identify(src) by extension 'colcon_pkg'
[0.322s] Level 1:colcon.colcon_core.package_identification:_identify(src) by extensions ['colcon_meta']
[0.322s] Level 1:colcon.colcon_core.package_identification:_identify(src) by extension 'colcon_meta'
[0.322s] Level 1:colcon.colcon_core.package_identification:_identify(src) by extensions ['ros']
[0.322s] Level 1:colcon.colcon_core.package_identification:_identify(src) by extension 'ros'
[0.323s] Level 1:colcon.colcon_core.package_identification:_identify(src) by extensions ['cmake', 'python']
[0.323s] Level 1:colcon.colcon_core.package_identification:_identify(src) by extension 'cmake'
[0.323s] Level 1:colcon.colcon_core.package_identification:_identify(src) by extension 'python'
[0.323s] Level 1:colcon.colcon_core.package_identification:_identify(src) by extensions ['python_setup_py']
[0.323s] Level 1:colcon.colcon_core.package_identification:_identify(src) by extension 'python_setup_py'
[0.323s] Level 1:colcon.colcon_core.package_identification:_identify(src/build) by extensions ['ignore', 'ignore_ament_install']
[0.323s] Level 1:colcon.colcon_core.package_identification:_identify(src/build) by extension 'ignore'
[0.323s] Level 1:colcon.colcon_core.package_identification:_identify(src/build) ignored
[0.323s] Level 1:colcon.colcon_core.package_identification:_identify(src/install) by extensions ['ignore', 'ignore_ament_install']
[0.323s] Level 1:colcon.colcon_core.package_identification:_identify(src/install) by extension 'ignore'
[0.323s] Level 1:colcon.colcon_core.package_identification:_identify(src/install) ignored
[0.323s] Level 1:colcon.colcon_core.package_identification:_identify(src/log) by extensions ['ignore', 'ignore_ament_install']
[0.323s] Level 1:colcon.colcon_core.package_identification:_identify(src/log) by extension 'ignore'
[0.323s] Level 1:colcon.colcon_core.package_identification:_identify(src/log) ignored
[0.323s] Level 1:colcon.colcon_core.package_identification:_identify(src/my_robot_bringup) by extensions ['ignore', 'ignore_ament_install']
[0.323s] Level 1:colcon.colcon_core.package_identification:_identify(src/my_robot_bringup) by extension 'ignore'
[0.323s] Level 1:colcon.colcon_core.package_identification:_identify(src/my_robot_bringup) by extension 'ignore_ament_install'
[0.323s] Level 1:colcon.colcon_core.package_identification:_identify(src/my_robot_bringup) by extensions ['colcon_pkg']
[0.323s] Level 1:colcon.colcon_core.package_identification:_identify(src/my_robot_bringup) by extension 'colcon_pkg'
[0.323s] Level 1:colcon.colcon_core.package_identification:_identify(src/my_robot_bringup) by extensions ['colcon_meta']
[0.324s] Level 1:colcon.colcon_core.package_identification:_identify(src/my_robot_bringup) by extension 'colcon_meta'
[0.324s] Level 1:colcon.colcon_core.package_identification:_identify(src/my_robot_bringup) by extensions ['ros']
[0.324s] Level 1:colcon.colcon_core.package_identification:_identify(src/my_robot_bringup) by extension 'ros'
[0.326s] DEBUG:colcon.colcon_core.package_identification:Package 'src/my_robot_bringup' with type 'ros.ament_cmake' and name 'my_robot_bringup'
[0.326s] Level 1:colcon.colcon_core.package_identification:_identify(src/my_robot_description) by extensions ['ignore', 'ignore_ament_install']
[0.326s] Level 1:colcon.colcon_core.package_identification:_identify(src/my_robot_description) by extension 'ignore'
[0.326s] Level 1:colcon.colcon_core.package_identification:_identify(src/my_robot_description) by extension 'ignore_ament_install'
[0.326s] Level 1:colcon.colcon_core.package_identification:_identify(src/my_robot_description) by extensions ['colcon_pkg']
[0.327s] Level 1:colcon.colcon_core.package_identification:_identify(src/my_robot_description) by extension 'colcon_pkg'
[0.327s] Level 1:colcon.colcon_core.package_identification:_identify(src/my_robot_description) by extensions ['colcon_meta']
[0.327s] Level 1:colcon.colcon_core.package_identification:_identify(src/my_robot_description) by extension 'colcon_meta'
[0.327s] Level 1:colcon.colcon_core.package_identification:_identify(src/my_robot_description) by extensions ['ros']
[0.327s] Level 1:colcon.colcon_core.package_identification:_identify(src/my_robot_description) by extension 'ros'
[0.327s] DEBUG:colcon.colcon_core.package_identification:Package 'src/my_robot_description' with type 'ros.ament_cmake' and name 'my_robot_description'
[0.327s] Level 1:colcon.colcon_core.package_discovery:discover_packages(recursive) using defaults
[0.327s] Level 1:colcon.colcon_core.package_discovery:discover_packages(ignore) discover
[0.327s] Level 1:colcon.colcon_core.package_discovery:discover_packages(ignore) using defaults
[0.327s] Level 1:colcon.colcon_core.package_discovery:discover_packages(path) discover
[0.327s] Level 1:colcon.colcon_core.package_discovery:discover_packages(path) using defaults
[0.350s] Level 1:colcon.colcon_core.package_discovery:discover_packages(prefix_path) check parameters
[0.350s] Level 1:colcon.colcon_core.package_discovery:discover_packages(prefix_path) discover
[0.357s] DEBUG:colcon.colcon_installed_package_information.package_discovery:Found 2 installed packages in /home/ductrung/ros2_ws/install
[0.359s] DEBUG:colcon.colcon_installed_package_information.package_discovery:Found 319 installed packages in /opt/ros/humble
[0.370s] Level 1:colcon.colcon_core.package_discovery:discover_packages(prefix_path) using defaults
[0.422s] Level 5:colcon.colcon_core.verb:set package 'my_robot_description' build argument 'cmake_args' from command line to 'None'
[0.422s] Level 5:colcon.colcon_core.verb:set package 'my_robot_description' build argument 'cmake_target' from command line to 'None'
[0.422s] Level 5:colcon.colcon_core.verb:set package 'my_robot_description' build argument 'cmake_target_skip_unavailable' from command line to 'False'
[0.422s] Level 5:colcon.colcon_core.verb:set package 'my_robot_description' build argument 'cmake_clean_cache' from command line to 'False'
[0.422s] Level 5:colcon.colcon_core.verb:set package 'my_robot_description' build argument 'cmake_clean_first' from command line to 'False'
[0.423s] Level 5:colcon.colcon_core.verb:set package 'my_robot_description' build argument 'cmake_force_configure' from command line to 'False'
[0.423s] Level 5:colcon.colcon_core.verb:set package 'my_robot_description' build argument 'ament_cmake_args' from command line to 'None'
[0.423s] Level 5:colcon.colcon_core.verb:set package 'my_robot_description' build argument 'catkin_cmake_args' from command line to 'None'
[0.423s] Level 5:colcon.colcon_core.verb:set package 'my_robot_description' build argument 'catkin_skip_building_tests' from command line to 'False'
[0.423s] DEBUG:colcon.colcon_core.verb:Building package 'my_robot_description' with the following arguments: {'ament_cmake_args': None, 'build_base': '/home/ductrung/ros2_ws/build/my_robot_description', 'catkin_cmake_args': None, 'catkin_skip_building_tests': False, 'cmake_args': None, 'cmake_clean_cache': False, 'cmake_clean_first': False, 'cmake_force_configure': False, 'cmake_target': None, 'cmake_target_skip_unavailable': False, 'install_base': '/home/ductrung/ros2_ws/install/my_robot_description', 'merge_install': False, 'path': '/home/ductrung/ros2_ws/src/my_robot_description', 'symlink_install': True, 'test_result_base': None}
[0.424s] Level 5:colcon.colcon_core.verb:set package 'my_robot_bringup' build argument 'cmake_args' from command line to 'None'
[0.425s] Level 5:colcon.colcon_core.verb:set package 'my_robot_bringup' build argument 'cmake_target' from command line to 'None'
[0.425s] Level 5:colcon.colcon_core.verb:set package 'my_robot_bringup' build argument 'cmake_target_skip_unavailable' from command line to 'False'
[0.425s] Level 5:colcon.colcon_core.verb:set package 'my_robot_bringup' build argument 'cmake_clean_cache' from command line to 'False'
[0.425s] Level 5:colcon.colcon_core.verb:set package 'my_robot_bringup' build argument 'cmake_clean_first' from command line to 'False'
[0.425s] Level 5:colcon.colcon_core.verb:set package 'my_robot_bringup' build argument 'cmake_force_configure' from command line to 'False'
[0.425s] Level 5:colcon.colcon_core.verb:set package 'my_robot_bringup' build argument 'ament_cmake_args' from command line to 'None'
[0.425s] Level 5:colcon.colcon_core.verb:set package 'my_robot_bringup' build argument 'catkin_cmake_args' from command line to 'None'
[0.425s] Level 5:colcon.colcon_core.verb:set package 'my_robot_bringup' build argument 'catkin_skip_building_tests' from command line to 'False'
[0.425s] DEBUG:colcon.colcon_core.verb:Building package 'my_robot_bringup' with the following arguments: {'ament_cmake_args': None, 'build_base': '/home/ductrung/ros2_ws/build/my_robot_bringup', 'catkin_cmake_args': None, 'catkin_skip_building_tests': False, 'cmake_args': None, 'cmake_clean_cache': False, 'cmake_clean_first': False, 'cmake_force_configure': False, 'cmake_target': None, 'cmake_target_skip_unavailable': False, 'install_base': '/home/ductrung/ros2_ws/install/my_robot_bringup', 'merge_install': False, 'path': '/home/ductrung/ros2_ws/src/my_robot_bringup', 'symlink_install': True, 'test_result_base': None}
[0.425s] INFO:colcon.colcon_core.executor:Executing jobs using 'parallel' executor
[0.427s] DEBUG:colcon.colcon_parallel_executor.executor.parallel:run_until_complete
[0.428s] INFO:colcon.colcon_ros.task.ament_cmake.build:Building ROS package in '/home/ductrung/ros2_ws/src/my_robot_description' with build type 'ament_cmake'
[0.428s] INFO:colcon.colcon_cmake.task.cmake.build:Building CMake package in '/home/ductrung/ros2_ws/src/my_robot_description'
[0.435s] INFO:colcon.colcon_core.plugin_system:Skipping extension 'colcon_core.shell.bat': Not used on non-Windows systems
[0.436s] INFO:colcon.colcon_core.shell:Skip shell extension 'powershell' for command environment: Not usable outside of PowerShell
[0.436s] DEBUG:colcon.colcon_core.shell:Skip shell extension 'dsv' for command environment
[0.524s] DEBUG:colcon.colcon_core.event_handler.log_command:Invoking command in '/home/ductrung/ros2_ws/build/my_robot_description': CMAKE_PREFIX_PATH=${CMAKE_PREFIX_PATH}:/opt/ros/humble /usr/bin/cmake --build /home/ductrung/ros2_ws/build/my_robot_description -- -j4 -l4
[0.686s] DEBUG:colcon.colcon_core.event_handler.log_command:Invoked command in '/home/ductrung/ros2_ws/build/my_robot_description' returned '0': CMAKE_PREFIX_PATH=${CMAKE_PREFIX_PATH}:/opt/ros/humble /usr/bin/cmake --build /home/ductrung/ros2_ws/build/my_robot_description -- -j4 -l4
[0.746s] DEBUG:colcon.colcon_core.event_handler.log_command:Invoking command in '/home/ductrung/ros2_ws/build/my_robot_description': CMAKE_PREFIX_PATH=${CMAKE_PREFIX_PATH}:/opt/ros/humble /usr/bin/cmake --install /home/ductrung/ros2_ws/build/my_robot_description
[0.815s] Level 1:colcon.colcon_core.environment:create_environment_scripts_only(my_robot_description)
[0.816s] DEBUG:colcon.colcon_core.event_handler.log_command:Invoked command in '/home/ductrung/ros2_ws/build/my_robot_description' returned '0': CMAKE_PREFIX_PATH=${CMAKE_PREFIX_PATH}:/opt/ros/humble /usr/bin/cmake --install /home/ductrung/ros2_ws/build/my_robot_description
[0.825s] Level 1:colcon.colcon_core.environment:checking '/home/ductrung/ros2_ws/install/my_robot_description' for CMake module files
[0.825s] Level 1:colcon.colcon_core.environment:checking '/home/ductrung/ros2_ws/install/my_robot_description' for CMake config files
[0.837s] Level 1:colcon.colcon_core.shell:create_environment_hook('my_robot_description', 'cmake_prefix_path')
[0.838s] INFO:colcon.colcon_core.shell:Creating environment hook '/home/ductrung/ros2_ws/install/my_robot_description/share/my_robot_description/hook/cmake_prefix_path.ps1'
[0.839s] INFO:colcon.colcon_core.shell:Creating environment descriptor '/home/ductrung/ros2_ws/install/my_robot_description/share/my_robot_description/hook/cmake_prefix_path.dsv'
[0.840s] INFO:colcon.colcon_core.shell:Creating environment hook '/home/ductrung/ros2_ws/install/my_robot_description/share/my_robot_description/hook/cmake_prefix_path.sh'
[0.842s] Level 1:colcon.colcon_core.environment:checking '/home/ductrung/ros2_ws/install/my_robot_description/bin'
[0.842s] Level 1:colcon.colcon_core.environment:checking '/home/ductrung/ros2_ws/install/my_robot_description/lib/pkgconfig/my_robot_description.pc'
[0.842s] Level 1:colcon.colcon_core.environment:checking '/home/ductrung/ros2_ws/install/my_robot_description/lib/python3.10/site-packages'
[0.843s] Level 1:colcon.colcon_core.environment:checking '/home/ductrung/ros2_ws/install/my_robot_description/bin'
[0.843s] INFO:colcon.colcon_core.shell:Creating package script '/home/ductrung/ros2_ws/install/my_robot_description/share/my_robot_description/package.ps1'
[0.844s] INFO:colcon.colcon_core.shell:Creating package descriptor '/home/ductrung/ros2_ws/install/my_robot_description/share/my_robot_description/package.dsv'
[0.845s] INFO:colcon.colcon_core.shell:Creating package script '/home/ductrung/ros2_ws/install/my_robot_description/share/my_robot_description/package.sh'
[0.846s] INFO:colcon.colcon_core.shell:Creating package script '/home/ductrung/ros2_ws/install/my_robot_description/share/my_robot_description/package.bash'
[0.848s] INFO:colcon.colcon_core.shell:Creating package script '/home/ductrung/ros2_ws/install/my_robot_description/share/my_robot_description/package.zsh'
[0.849s] Level 1:colcon.colcon_core.environment:create_file_with_runtime_dependencies(/home/ductrung/ros2_ws/install/my_robot_description/share/colcon-core/packages/my_robot_description)
[0.908s] Level 1:colcon.colcon_core.environment:create_environment_scripts_only(my_robot_description)
[0.908s] Level 1:colcon.colcon_core.environment:checking '/home/ductrung/ros2_ws/install/my_robot_description' for CMake module files
[0.909s] Level 1:colcon.colcon_core.environment:checking '/home/ductrung/ros2_ws/install/my_robot_description' for CMake config files
[0.909s] Level 1:colcon.colcon_core.shell:create_environment_hook('my_robot_description', 'cmake_prefix_path')
[0.909s] INFO:colcon.colcon_core.shell:Creating environment hook '/home/ductrung/ros2_ws/install/my_robot_description/share/my_robot_description/hook/cmake_prefix_path.ps1'
[0.910s] INFO:colcon.colcon_core.shell:Creating environment descriptor '/home/ductrung/ros2_ws/install/my_robot_description/share/my_robot_description/hook/cmake_prefix_path.dsv'
[0.911s] INFO:colcon.colcon_core.shell:Creating environment hook '/home/ductrung/ros2_ws/install/my_robot_description/share/my_robot_description/hook/cmake_prefix_path.sh'
[0.912s] Level 1:colcon.colcon_core.environment:checking '/home/ductrung/ros2_ws/install/my_robot_description/bin'
[0.912s] Level 1:colcon.colcon_core.environment:checking '/home/ductrung/ros2_ws/install/my_robot_description/lib/pkgconfig/my_robot_description.pc'
[0.912s] Level 1:colcon.colcon_core.environment:checking '/home/ductrung/ros2_ws/install/my_robot_description/lib/python3.10/site-packages'
[0.912s] Level 1:colcon.colcon_core.environment:checking '/home/ductrung/ros2_ws/install/my_robot_description/bin'
[0.913s] INFO:colcon.colcon_core.shell:Creating package script '/home/ductrung/ros2_ws/install/my_robot_description/share/my_robot_description/package.ps1'
[0.913s] INFO:colcon.colcon_core.shell:Creating package descriptor '/home/ductrung/ros2_ws/install/my_robot_description/share/my_robot_description/package.dsv'
[0.914s] INFO:colcon.colcon_core.shell:Creating package script '/home/ductrung/ros2_ws/install/my_robot_description/share/my_robot_description/package.sh'
[0.915s] INFO:colcon.colcon_core.shell:Creating package script '/home/ductrung/ros2_ws/install/my_robot_description/share/my_robot_description/package.bash'
[0.916s] INFO:colcon.colcon_core.shell:Creating package script '/home/ductrung/ros2_ws/install/my_robot_description/share/my_robot_description/package.zsh'
[0.917s] Level 1:colcon.colcon_core.environment:create_file_with_runtime_dependencies(/home/ductrung/ros2_ws/install/my_robot_description/share/colcon-core/packages/my_robot_description)
[0.919s] INFO:colcon.colcon_ros.task.ament_cmake.build:Building ROS package in '/home/ductrung/ros2_ws/src/my_robot_bringup' with build type 'ament_cmake'
[0.919s] INFO:colcon.colcon_cmake.task.cmake.build:Building CMake package in '/home/ductrung/ros2_ws/src/my_robot_bringup'
[0.919s] INFO:colcon.colcon_core.shell:Skip shell extension 'powershell' for command environment: Not usable outside of PowerShell
[0.919s] DEBUG:colcon.colcon_core.shell:Skip shell extension 'dsv' for command environment
[0.972s] DEBUG:colcon.colcon_core.event_handler.log_command:Invoking command in '/home/ductrung/ros2_ws/build/my_robot_bringup': CMAKE_PREFIX_PATH=/home/ductrung/ros2_ws/install/my_robot_description:/home/ductrung/ros2_ws/install/my_robot_bringup:/opt/ros/humble /usr/bin/cmake --build /home/ductrung/ros2_ws/build/my_robot_bringup -- -j4 -l4
[1.055s] DEBUG:colcon.colcon_core.event_handler.log_command:Invoked command in '/home/ductrung/ros2_ws/build/my_robot_bringup' returned '0': CMAKE_PREFIX_PATH=/home/ductrung/ros2_ws/install/my_robot_description:/home/ductrung/ros2_ws/install/my_robot_bringup:/opt/ros/humble /usr/bin/cmake --build /home/ductrung/ros2_ws/build/my_robot_bringup -- -j4 -l4
[1.131s] DEBUG:colcon.colcon_core.event_handler.log_command:Invoking command in '/home/ductrung/ros2_ws/build/my_robot_bringup': CMAKE_PREFIX_PATH=/home/ductrung/ros2_ws/install/my_robot_description:/home/ductrung/ros2_ws/install/my_robot_bringup:/opt/ros/humble /usr/bin/cmake --install /home/ductrung/ros2_ws/build/my_robot_bringup
[1.179s] Level 1:colcon.colcon_core.environment:create_environment_scripts_only(my_robot_bringup)
[1.179s] Level 1:colcon.colcon_core.environment:checking '/home/ductrung/ros2_ws/install/my_robot_bringup' for CMake module files
[1.194s] DEBUG:colcon.colcon_core.event_handler.log_command:Invoked command in '/home/ductrung/ros2_ws/build/my_robot_bringup' returned '0': CMAKE_PREFIX_PATH=/home/ductrung/ros2_ws/install/my_robot_description:/home/ductrung/ros2_ws/install/my_robot_bringup:/opt/ros/humble /usr/bin/cmake --install /home/ductrung/ros2_ws/build/my_robot_bringup
[1.194s] Level 1:colcon.colcon_core.environment:checking '/home/ductrung/ros2_ws/install/my_robot_bringup' for CMake config files
[1.195s] Level 1:colcon.colcon_core.shell:create_environment_hook('my_robot_bringup', 'cmake_prefix_path')
[1.195s] INFO:colcon.colcon_core.shell:Creating environment hook '/home/ductrung/ros2_ws/install/my_robot_bringup/share/my_robot_bringup/hook/cmake_prefix_path.ps1'
[1.196s] INFO:colcon.colcon_core.shell:Creating environment descriptor '/home/ductrung/ros2_ws/install/my_robot_bringup/share/my_robot_bringup/hook/cmake_prefix_path.dsv'
[1.196s] INFO:colcon.colcon_core.shell:Creating environment hook '/home/ductrung/ros2_ws/install/my_robot_bringup/share/my_robot_bringup/hook/cmake_prefix_path.sh'
[1.197s] Level 1:colcon.colcon_core.environment:checking '/home/ductrung/ros2_ws/install/my_robot_bringup/bin'
[1.197s] Level 1:colcon.colcon_core.environment:checking '/home/ductrung/ros2_ws/install/my_robot_bringup/lib/pkgconfig/my_robot_bringup.pc'
[1.197s] Level 1:colcon.colcon_core.environment:checking '/home/ductrung/ros2_ws/install/my_robot_bringup/lib/python3.10/site-packages'
[1.198s] Level 1:colcon.colcon_core.environment:checking '/home/ductrung/ros2_ws/install/my_robot_bringup/bin'
[1.198s] INFO:colcon.colcon_core.shell:Creating package script '/home/ductrung/ros2_ws/install/my_robot_bringup/share/my_robot_bringup/package.ps1'
[1.198s] INFO:colcon.colcon_core.shell:Creating package descriptor '/home/ductrung/ros2_ws/install/my_robot_bringup/share/my_robot_bringup/package.dsv'
[1.199s] INFO:colcon.colcon_core.shell:Creating package script '/home/ductrung/ros2_ws/install/my_robot_bringup/share/my_robot_bringup/package.sh'
[1.200s] INFO:colcon.colcon_core.shell:Creating package script '/home/ductrung/ros2_ws/install/my_robot_bringup/share/my_robot_bringup/package.bash'
[1.200s] INFO:colcon.colcon_core.shell:Creating package script '/home/ductrung/ros2_ws/install/my_robot_bringup/share/my_robot_bringup/package.zsh'
[1.201s] Level 1:colcon.colcon_core.environment:create_file_with_runtime_dependencies(/home/ductrung/ros2_ws/install/my_robot_bringup/share/colcon-core/packages/my_robot_bringup)
[1.253s] Level 1:colcon.colcon_core.environment:create_environment_scripts_only(my_robot_bringup)
[1.253s] Level 1:colcon.colcon_core.environment:checking '/home/ductrung/ros2_ws/install/my_robot_bringup' for CMake module files
[1.254s] Level 1:colcon.colcon_core.environment:checking '/home/ductrung/ros2_ws/install/my_robot_bringup' for CMake config files
[1.254s] Level 1:colcon.colcon_core.shell:create_environment_hook('my_robot_bringup', 'cmake_prefix_path')
[1.254s] INFO:colcon.colcon_core.shell:Creating environment hook '/home/ductrung/ros2_ws/install/my_robot_bringup/share/my_robot_bringup/hook/cmake_prefix_path.ps1'
[1.255s] INFO:colcon.colcon_core.shell:Creating environment descriptor '/home/ductrung/ros2_ws/install/my_robot_bringup/share/my_robot_bringup/hook/cmake_prefix_path.dsv'
[1.256s] INFO:colcon.colcon_core.shell:Creating environment hook '/home/ductrung/ros2_ws/install/my_robot_bringup/share/my_robot_bringup/hook/cmake_prefix_path.sh'
[1.257s] Level 1:colcon.colcon_core.environment:checking '/home/ductrung/ros2_ws/install/my_robot_bringup/bin'
[1.257s] Level 1:colcon.colcon_core.environment:checking '/home/ductrung/ros2_ws/install/my_robot_bringup/lib/pkgconfig/my_robot_bringup.pc'
[1.257s] Level 1:colcon.colcon_core.environment:checking '/home/ductrung/ros2_ws/install/my_robot_bringup/lib/python3.10/site-packages'
[1.257s] Level 1:colcon.colcon_core.environment:checking '/home/ductrung/ros2_ws/install/my_robot_bringup/bin'
[1.258s] INFO:colcon.colcon_core.shell:Creating package script '/home/ductrung/ros2_ws/install/my_robot_bringup/share/my_robot_bringup/package.ps1'
[1.259s] INFO:colcon.colcon_core.shell:Creating package descriptor '/home/ductrung/ros2_ws/install/my_robot_bringup/share/my_robot_bringup/package.dsv'
[1.259s] INFO:colcon.colcon_core.shell:Creating package script '/home/ductrung/ros2_ws/install/my_robot_bringup/share/my_robot_bringup/package.sh'
[1.260s] INFO:colcon.colcon_core.shell:Creating package script '/home/ductrung/ros2_ws/install/my_robot_bringup/share/my_robot_bringup/package.bash'
[1.261s] INFO:colcon.colcon_core.shell:Creating package script '/home/ductrung/ros2_ws/install/my_robot_bringup/share/my_robot_bringup/package.zsh'
[1.261s] Level 1:colcon.colcon_core.environment:create_file_with_runtime_dependencies(/home/ductrung/ros2_ws/install/my_robot_bringup/share/colcon-core/packages/my_robot_bringup)
[1.262s] DEBUG:colcon.colcon_parallel_executor.executor.parallel:closing loop
[1.262s] DEBUG:colcon.colcon_parallel_executor.executor.parallel:loop closed
[1.262s] DEBUG:colcon.colcon_parallel_executor.executor.parallel:run_until_complete finished with '0'
[1.263s] DEBUG:colcon.colcon_core.event_reactor:joining thread
[1.305s] INFO:colcon.colcon_core.plugin_system:Skipping extension 'colcon_notification.desktop_notification.terminal_notifier': Not used on non-Darwin systems
[1.306s] INFO:colcon.colcon_core.plugin_system:Skipping extension 'colcon_notification.desktop_notification.win32': Not used on non-Windows systems
[1.306s] INFO:colcon.colcon_notification.desktop_notification:Sending desktop notification using 'notify2'
[1.395s] DEBUG:colcon.colcon_core.event_reactor:joined thread
[1.395s] INFO:colcon.colcon_core.shell:Creating prefix script '/home/ductrung/ros2_ws/install/local_setup.ps1'
[1.399s] INFO:colcon.colcon_core.shell:Creating prefix util module '/home/ductrung/ros2_ws/install/_local_setup_util_ps1.py'
[1.400s] INFO:colcon.colcon_core.shell:Creating prefix chain script '/home/ductrung/ros2_ws/install/setup.ps1'
[1.409s] INFO:colcon.colcon_core.shell:Creating prefix script '/home/ductrung/ros2_ws/install/local_setup.sh'
[1.413s] INFO:colcon.colcon_core.shell:Creating prefix util module '/home/ductrung/ros2_ws/install/_local_setup_util_sh.py'
[1.424s] INFO:colcon.colcon_core.shell:Creating prefix chain script '/home/ductrung/ros2_ws/install/setup.sh'
[1.433s] INFO:colcon.colcon_core.shell:Creating prefix script '/home/ductrung/ros2_ws/install/local_setup.bash'
[1.443s] INFO:colcon.colcon_core.shell:Creating prefix chain script '/home/ductrung/ros2_ws/install/setup.bash'
[1.452s] INFO:colcon.colcon_core.shell:Creating prefix script '/home/ductrung/ros2_ws/install/local_setup.zsh'
[1.458s] INFO:colcon.colcon_core.shell:Creating prefix chain script '/home/ductrung/ros2_ws/install/setup.zsh'
