[0.019s] Invoking command in '/home/ductrung/ros2_ws/build/my_robot_description': CMAKE_PREFIX_PATH=${CMAKE_PREFIX_PATH}:/opt/ros/humble /usr/bin/cmake --build /home/ductrung/ros2_ws/build/my_robot_description -- -j4 -l4
[0.253s] Invoked command in '/home/ductrung/ros2_ws/build/my_robot_description' returned '0': CMAKE_PREFIX_PATH=${CMAKE_PREFIX_PATH}:/opt/ros/humble /usr/bin/cmake --build /home/ductrung/ros2_ws/build/my_robot_description -- -j4 -l4
[0.320s] Invoking command in '/home/ductrung/ros2_ws/build/my_robot_description': CMAKE_PREFIX_PATH=${CMAKE_PREFIX_PATH}:/opt/ros/humble /usr/bin/cmake --install /home/ductrung/ros2_ws/build/my_robot_description
[0.343s] -- Install configuration: ""
[0.349s] -- Execute custom install script
[0.349s] -- Up-to-date symlink: /home/ductrung/ros2_ws/install/my_robot_description/share/my_robot_description//urdf/common_properties.xacro
[0.349s] -- Up-to-date symlink: /home/ductrung/ros2_ws/install/my_robot_description/share/my_robot_description//urdf/mobile_base.xacro
[0.349s] -- Up-to-date symlink: /home/ductrung/ros2_ws/install/my_robot_description/share/my_robot_description//urdf/my_robot.urdf.xacro
[0.349s] -- Up-to-date symlink: /home/ductrung/ros2_ws/install/my_robot_description/share/my_robot_description//launch/display.launch.xml
[0.349s] -- Up-to-date symlink: /home/ductrung/ros2_ws/install/my_robot_description/share/my_robot_description//meshes/Assem1.STL
[0.349s] -- Up-to-date symlink: /home/ductrung/ros2_ws/install/my_robot_description/share/ament_index/resource_index/package_run_dependencies/my_robot_description
[0.349s] -- Up-to-date symlink: /home/ductrung/ros2_ws/install/my_robot_description/share/ament_index/resource_index/parent_prefix_path/my_robot_description
[0.350s] -- Up-to-date symlink: /home/ductrung/ros2_ws/install/my_robot_description/share/my_robot_description/environment/ament_prefix_path.sh
[0.350s] -- Up-to-date symlink: /home/ductrung/ros2_ws/install/my_robot_description/share/my_robot_description/environment/ament_prefix_path.dsv
[0.350s] -- Up-to-date symlink: /home/ductrung/ros2_ws/install/my_robot_description/share/my_robot_description/environment/path.sh
[0.350s] -- Up-to-date symlink: /home/ductrung/ros2_ws/install/my_robot_description/share/my_robot_description/environment/path.dsv
[0.350s] -- Up-to-date symlink: /home/ductrung/ros2_ws/install/my_robot_description/share/my_robot_description/local_setup.bash
[0.351s] -- Up-to-date symlink: /home/ductrung/ros2_ws/install/my_robot_description/share/my_robot_description/local_setup.sh
[0.351s] -- Up-to-date symlink: /home/ductrung/ros2_ws/install/my_robot_description/share/my_robot_description/local_setup.zsh
[0.352s] -- Up-to-date symlink: /home/ductrung/ros2_ws/install/my_robot_description/share/my_robot_description/local_setup.dsv
[0.352s] -- Symlinking: /home/ductrung/ros2_ws/install/my_robot_description/share/my_robot_description/package.dsv
[0.372s] -- Up-to-date symlink: /home/ductrung/ros2_ws/install/my_robot_description/share/ament_index/resource_index/packages/my_robot_description
[0.378s] -- Up-to-date symlink: /home/ductrung/ros2_ws/install/my_robot_description/share/my_robot_description/cmake/my_robot_descriptionConfig.cmake
[0.379s] -- Up-to-date symlink: /home/ductrung/ros2_ws/install/my_robot_description/share/my_robot_description/cmake/my_robot_descriptionConfig-version.cmake
[0.379s] -- Up-to-date symlink: /home/ductrung/ros2_ws/install/my_robot_description/share/my_robot_description/package.xml
[0.383s] Invoked command in '/home/ductrung/ros2_ws/build/my_robot_description' returned '0': CMAKE_PREFIX_PATH=${CMAKE_PREFIX_PATH}:/opt/ros/humble /usr/bin/cmake --install /home/ductrung/ros2_ws/build/my_robot_description
