[0.017s] Invoking command in '/home/ductrung/ros2_ws/build/my_robot_description': CMAKE_PREFIX_PATH=/opt/ros/humble /usr/bin/cmake /home/ductrung/ros2_ws/src/my_robot_description -DCMAKE_INSTALL_PREFIX=/home/ductrung/ros2_ws/install/my_robot_description
[0.306s] -- The C compiler identification is GNU 11.4.0
[0.456s] -- The CXX compiler identification is GNU 11.4.0
[0.487s] -- Detecting C compiler ABI info
[0.592s] -- Detecting C compiler ABI info - done
[0.598s] -- Check for working C compiler: /usr/bin/cc - skipped
[0.599s] -- Detecting C compile features
[0.601s] -- Detecting C compile features - done
[0.610s] -- Detecting CXX compiler ABI info
[0.710s] -- Detecting CXX compiler ABI info - done
[0.715s] -- Check for working CXX compiler: /usr/bin/c++ - skipped
[0.715s] -- Detecting CXX compile features
[0.716s] -- Detecting CXX compile features - done
[0.742s] -- Found ament_cmake: 1.3.10 (/opt/ros/humble/share/ament_cmake/cmake)
[0.906s] -- Found Python3: /usr/bin/python3 (found version "3.10.12") found components: Interpreter 
[1.126s] -- Configuring done
[1.126s] -- Generating done
[1.127s] -- Build files have been written to: /home/ductrung/ros2_ws/build/my_robot_description
[1.134s] Invoked command in '/home/ductrung/ros2_ws/build/my_robot_description' returned '0': CMAKE_PREFIX_PATH=/opt/ros/humble /usr/bin/cmake /home/ductrung/ros2_ws/src/my_robot_description -DCMAKE_INSTALL_PREFIX=/home/ductrung/ros2_ws/install/my_robot_description
[1.135s] Invoking command in '/home/ductrung/ros2_ws/build/my_robot_description': CMAKE_PREFIX_PATH=/opt/ros/humble /usr/bin/cmake --build /home/ductrung/ros2_ws/build/my_robot_description -- -j4 -l4
[1.187s] Invoked command in '/home/ductrung/ros2_ws/build/my_robot_description' returned '0': CMAKE_PREFIX_PATH=/opt/ros/humble /usr/bin/cmake --build /home/ductrung/ros2_ws/build/my_robot_description -- -j4 -l4
[1.242s] Invoking command in '/home/ductrung/ros2_ws/build/my_robot_description': CMAKE_PREFIX_PATH=/opt/ros/humble /usr/bin/cmake --install /home/ductrung/ros2_ws/build/my_robot_description
[1.250s] -- Install configuration: ""
[1.250s] -- Installing: /home/ductrung/ros2_ws/install/my_robot_description/share/my_robot_description//urdf
[1.250s] -- Installing: /home/ductrung/ros2_ws/install/my_robot_description/share/my_robot_description//urdf/my_robot.urdf
[1.250s] -- Installing: /home/ductrung/ros2_ws/install/my_robot_description/share/ament_index/resource_index/package_run_dependencies/my_robot_description
[1.251s] -- Installing: /home/ductrung/ros2_ws/install/my_robot_description/share/ament_index/resource_index/parent_prefix_path/my_robot_description
[1.251s] -- Installing: /home/ductrung/ros2_ws/install/my_robot_description/share/my_robot_description/environment/ament_prefix_path.sh
[1.251s] -- Installing: /home/ductrung/ros2_ws/install/my_robot_description/share/my_robot_description/environment/ament_prefix_path.dsv
[1.251s] -- Installing: /home/ductrung/ros2_ws/install/my_robot_description/share/my_robot_description/environment/path.sh
[1.252s] -- Installing: /home/ductrung/ros2_ws/install/my_robot_description/share/my_robot_description/environment/path.dsv
[1.252s] -- Installing: /home/ductrung/ros2_ws/install/my_robot_description/share/my_robot_description/local_setup.bash
[1.252s] -- Installing: /home/ductrung/ros2_ws/install/my_robot_description/share/my_robot_description/local_setup.sh
[1.252s] -- Installing: /home/ductrung/ros2_ws/install/my_robot_description/share/my_robot_description/local_setup.zsh
[1.252s] -- Installing: /home/ductrung/ros2_ws/install/my_robot_description/share/my_robot_description/local_setup.dsv
[1.252s] -- Installing: /home/ductrung/ros2_ws/install/my_robot_description/share/my_robot_description/package.dsv
[1.252s] -- Installing: /home/ductrung/ros2_ws/install/my_robot_description/share/ament_index/resource_index/packages/my_robot_description
[1.253s] -- Installing: /home/ductrung/ros2_ws/install/my_robot_description/share/my_robot_description/cmake/my_robot_descriptionConfig.cmake
[1.253s] -- Installing: /home/ductrung/ros2_ws/install/my_robot_description/share/my_robot_description/cmake/my_robot_descriptionConfig-version.cmake
[1.253s] -- Installing: /home/ductrung/ros2_ws/install/my_robot_description/share/my_robot_description/package.xml
[1.255s] Invoked command in '/home/ductrung/ros2_ws/build/my_robot_description' returned '0': CMAKE_PREFIX_PATH=/opt/ros/humble /usr/bin/cmake --install /home/ductrung/ros2_ws/build/my_robot_description
