[1.898s] DEBUG:colcon:Command line arguments: ['/usr/bin/colcon', 'list', '-p', '--base-paths', '/home/ductrung/ros2_ws']
[1.898s] DEBUG:colcon:Parsed command line arguments: Namespace(log_base=None, log_level=None, verb_name='list', build_base='build', ignore_user_meta=False, metas=['./colcon.meta'], base_paths=['/home/ductrung/ros2_ws'], packages_ignore=None, packages_ignore_regex=None, paths=None, packages_up_to=None, packages_up_to_regex=None, packages_above=None, packages_above_and_dependencies=None, packages_above_depth=None, packages_select_by_dep=None, packages_skip_by_dep=None, packages_skip_up_to=None, packages_select_build_failed=False, packages_skip_build_finished=False, packages_select_test_failures=False, packages_skip_test_passed=False, packages_select=None, packages_skip=None, packages_select_regex=None, packages_skip_regex=None, packages_start=None, packages_end=None, allow_overriding=[], topological_order=False, names_only=False, paths_only=True, topological_graph=False, topological_graph_dot=False, topological_graph_density=False, topological_graph_legend=False, topological_graph_dot_cluster=False, topological_graph_dot_include_skipped=False, mixin_files=None, mixin=None, verb_parser=<colcon_mixin.mixin.mixin_argument.MixinArgumentDecorator object at 0x77b55273ef80>, verb_extension=<colcon_package_information.verb.list.ListVerb object at 0x77b55273dd20>, main=<bound method ListVerb.main of <colcon_package_information.verb.list.ListVerb object at 0x77b55273dd20>>, mixin_verb=('list',))
[4.025s] Level 1:colcon.colcon_core.package_discovery:discover_packages(colcon_meta) check parameters
[4.025s] Level 1:colcon.colcon_core.package_discovery:discover_packages(recursive) check parameters
[4.025s] Level 1:colcon.colcon_core.package_discovery:discover_packages(ignore) check parameters
[4.025s] Level 1:colcon.colcon_core.package_discovery:discover_packages(path) check parameters
[4.025s] Level 1:colcon.colcon_core.package_discovery:discover_packages(recursive) discover
[4.025s] INFO:colcon.colcon_core.package_discovery:Crawling recursively for packages in '/home/ductrung/ros2_ws'
[4.026s] Level 1:colcon.colcon_core.package_identification:_identify(/home/ductrung/ros2_ws) by extensions ['ignore', 'ignore_ament_install']
[4.026s] Level 1:colcon.colcon_core.package_identification:_identify(/home/ductrung/ros2_ws) by extension 'ignore'
[4.026s] Level 1:colcon.colcon_core.package_identification:_identify(/home/ductrung/ros2_ws) by extension 'ignore_ament_install'
[4.026s] Level 1:colcon.colcon_core.package_identification:_identify(/home/ductrung/ros2_ws) by extensions ['colcon_pkg']
[4.026s] Level 1:colcon.colcon_core.package_identification:_identify(/home/ductrung/ros2_ws) by extension 'colcon_pkg'
[4.026s] Level 1:colcon.colcon_core.package_identification:_identify(/home/ductrung/ros2_ws) by extensions ['colcon_meta']
[4.026s] Level 1:colcon.colcon_core.package_identification:_identify(/home/ductrung/ros2_ws) by extension 'colcon_meta'
[4.026s] Level 1:colcon.colcon_core.package_identification:_identify(/home/ductrung/ros2_ws) by extensions ['ros']
[4.026s] Level 1:colcon.colcon_core.package_identification:_identify(/home/ductrung/ros2_ws) by extension 'ros'
[4.165s] Level 1:colcon.colcon_core.package_identification:_identify(/home/ductrung/ros2_ws) by extensions ['cmake', 'python']
[4.167s] Level 1:colcon.colcon_core.package_identification:_identify(/home/ductrung/ros2_ws) by extension 'cmake'
[4.170s] Level 1:colcon.colcon_core.package_identification:_identify(/home/ductrung/ros2_ws) by extension 'python'
[4.170s] Level 1:colcon.colcon_core.package_identification:_identify(/home/ductrung/ros2_ws) by extensions ['python_setup_py']
[4.171s] Level 1:colcon.colcon_core.package_identification:_identify(/home/ductrung/ros2_ws) by extension 'python_setup_py'
[4.172s] Level 1:colcon.colcon_core.package_identification:_identify(/home/ductrung/ros2_ws/build) by extensions ['ignore', 'ignore_ament_install']
[4.175s] Level 1:colcon.colcon_core.package_identification:_identify(/home/ductrung/ros2_ws/build) by extension 'ignore'
[4.175s] Level 1:colcon.colcon_core.package_identification:_identify(/home/ductrung/ros2_ws/build) ignored
[4.175s] Level 1:colcon.colcon_core.package_identification:_identify(/home/ductrung/ros2_ws/install) by extensions ['ignore', 'ignore_ament_install']
[4.176s] Level 1:colcon.colcon_core.package_identification:_identify(/home/ductrung/ros2_ws/install) by extension 'ignore'
[4.176s] Level 1:colcon.colcon_core.package_identification:_identify(/home/ductrung/ros2_ws/install) ignored
[4.176s] Level 1:colcon.colcon_core.package_identification:_identify(/home/ductrung/ros2_ws/log) by extensions ['ignore', 'ignore_ament_install']
[4.176s] Level 1:colcon.colcon_core.package_identification:_identify(/home/ductrung/ros2_ws/log) by extension 'ignore'
[4.176s] Level 1:colcon.colcon_core.package_identification:_identify(/home/ductrung/ros2_ws/log) ignored
[4.187s] Level 1:colcon.colcon_core.package_identification:_identify(/home/ductrung/ros2_ws/src) by extensions ['ignore', 'ignore_ament_install']
[4.187s] Level 1:colcon.colcon_core.package_identification:_identify(/home/ductrung/ros2_ws/src) by extension 'ignore'
[4.187s] Level 1:colcon.colcon_core.package_identification:_identify(/home/ductrung/ros2_ws/src) by extension 'ignore_ament_install'
[4.188s] Level 1:colcon.colcon_core.package_identification:_identify(/home/ductrung/ros2_ws/src) by extensions ['colcon_pkg']
[4.188s] Level 1:colcon.colcon_core.package_identification:_identify(/home/ductrung/ros2_ws/src) by extension 'colcon_pkg'
[4.188s] Level 1:colcon.colcon_core.package_identification:_identify(/home/ductrung/ros2_ws/src) by extensions ['colcon_meta']
[4.188s] Level 1:colcon.colcon_core.package_identification:_identify(/home/ductrung/ros2_ws/src) by extension 'colcon_meta'
[4.188s] Level 1:colcon.colcon_core.package_identification:_identify(/home/ductrung/ros2_ws/src) by extensions ['ros']
[4.188s] Level 1:colcon.colcon_core.package_identification:_identify(/home/ductrung/ros2_ws/src) by extension 'ros'
[4.188s] Level 1:colcon.colcon_core.package_identification:_identify(/home/ductrung/ros2_ws/src) by extensions ['cmake', 'python']
[4.188s] Level 1:colcon.colcon_core.package_identification:_identify(/home/ductrung/ros2_ws/src) by extension 'cmake'
[4.188s] Level 1:colcon.colcon_core.package_identification:_identify(/home/ductrung/ros2_ws/src) by extension 'python'
[4.188s] Level 1:colcon.colcon_core.package_identification:_identify(/home/ductrung/ros2_ws/src) by extensions ['python_setup_py']
[4.188s] Level 1:colcon.colcon_core.package_identification:_identify(/home/ductrung/ros2_ws/src) by extension 'python_setup_py'
[4.191s] Level 1:colcon.colcon_core.package_identification:_identify(/home/ductrung/ros2_ws/src/build) by extensions ['ignore', 'ignore_ament_install']
[4.191s] Level 1:colcon.colcon_core.package_identification:_identify(/home/ductrung/ros2_ws/src/build) by extension 'ignore'
[4.191s] Level 1:colcon.colcon_core.package_identification:_identify(/home/ductrung/ros2_ws/src/build) ignored
[4.193s] Level 1:colcon.colcon_core.package_identification:_identify(/home/ductrung/ros2_ws/src/install) by extensions ['ignore', 'ignore_ament_install']
[4.194s] Level 1:colcon.colcon_core.package_identification:_identify(/home/ductrung/ros2_ws/src/install) by extension 'ignore'
[4.194s] Level 1:colcon.colcon_core.package_identification:_identify(/home/ductrung/ros2_ws/src/install) ignored
[4.209s] Level 1:colcon.colcon_core.package_identification:_identify(/home/ductrung/ros2_ws/src/log) by extensions ['ignore', 'ignore_ament_install']
[4.209s] Level 1:colcon.colcon_core.package_identification:_identify(/home/ductrung/ros2_ws/src/log) by extension 'ignore'
[4.209s] Level 1:colcon.colcon_core.package_identification:_identify(/home/ductrung/ros2_ws/src/log) ignored
[4.212s] Level 1:colcon.colcon_core.package_identification:_identify(/home/ductrung/ros2_ws/src/my_robot_bringup) by extensions ['ignore', 'ignore_ament_install']
[4.212s] Level 1:colcon.colcon_core.package_identification:_identify(/home/ductrung/ros2_ws/src/my_robot_bringup) by extension 'ignore'
[4.212s] Level 1:colcon.colcon_core.package_identification:_identify(/home/ductrung/ros2_ws/src/my_robot_bringup) by extension 'ignore_ament_install'
[4.212s] Level 1:colcon.colcon_core.package_identification:_identify(/home/ductrung/ros2_ws/src/my_robot_bringup) by extensions ['colcon_pkg']
[4.212s] Level 1:colcon.colcon_core.package_identification:_identify(/home/ductrung/ros2_ws/src/my_robot_bringup) by extension 'colcon_pkg'
[4.212s] Level 1:colcon.colcon_core.package_identification:_identify(/home/ductrung/ros2_ws/src/my_robot_bringup) by extensions ['colcon_meta']
[4.212s] Level 1:colcon.colcon_core.package_identification:_identify(/home/ductrung/ros2_ws/src/my_robot_bringup) by extension 'colcon_meta'
[4.212s] Level 1:colcon.colcon_core.package_identification:_identify(/home/ductrung/ros2_ws/src/my_robot_bringup) by extensions ['ros']
[4.212s] Level 1:colcon.colcon_core.package_identification:_identify(/home/ductrung/ros2_ws/src/my_robot_bringup) by extension 'ros'
[4.240s] DEBUG:colcon.colcon_core.package_identification:Package '/home/ductrung/ros2_ws/src/my_robot_bringup' with type 'ros.ament_cmake' and name 'my_robot_bringup'
[4.242s] Level 1:colcon.colcon_core.package_identification:_identify(/home/ductrung/ros2_ws/src/my_robot_description) by extensions ['ignore', 'ignore_ament_install']
[4.242s] Level 1:colcon.colcon_core.package_identification:_identify(/home/ductrung/ros2_ws/src/my_robot_description) by extension 'ignore'
[4.242s] Level 1:colcon.colcon_core.package_identification:_identify(/home/ductrung/ros2_ws/src/my_robot_description) by extension 'ignore_ament_install'
[4.243s] Level 1:colcon.colcon_core.package_identification:_identify(/home/ductrung/ros2_ws/src/my_robot_description) by extensions ['colcon_pkg']
[4.243s] Level 1:colcon.colcon_core.package_identification:_identify(/home/ductrung/ros2_ws/src/my_robot_description) by extension 'colcon_pkg'
[4.243s] Level 1:colcon.colcon_core.package_identification:_identify(/home/ductrung/ros2_ws/src/my_robot_description) by extensions ['colcon_meta']
[4.243s] Level 1:colcon.colcon_core.package_identification:_identify(/home/ductrung/ros2_ws/src/my_robot_description) by extension 'colcon_meta'
[4.243s] Level 1:colcon.colcon_core.package_identification:_identify(/home/ductrung/ros2_ws/src/my_robot_description) by extensions ['ros']
[4.243s] Level 1:colcon.colcon_core.package_identification:_identify(/home/ductrung/ros2_ws/src/my_robot_description) by extension 'ros'
[4.246s] DEBUG:colcon.colcon_core.package_identification:Package '/home/ductrung/ros2_ws/src/my_robot_description' with type 'ros.ament_cmake' and name 'my_robot_description'
[4.248s] Level 1:colcon.colcon_core.package_discovery:discover_packages(recursive) using defaults
