[0.070s] Invoking command in '/home/ductrung/ros2_ws/build/my_robot_description': CMAKE_PREFIX_PATH=${CMAKE_PREFIX_PATH}:/opt/ros/humble /usr/bin/cmake --build /home/ductrung/ros2_ws/build/my_robot_description -- -j4 -l4
[0.423s] Invoked command in '/home/ductrung/ros2_ws/build/my_robot_description' returned '0': CMAKE_PREFIX_PATH=${CMAKE_PREFIX_PATH}:/opt/ros/humble /usr/bin/cmake --build /home/ductrung/ros2_ws/build/my_robot_description -- -j4 -l4
[0.530s] Invoking command in '/home/ductrung/ros2_ws/build/my_robot_description': CMAKE_PREFIX_PATH=${CMAKE_PREFIX_PATH}:/opt/ros/humble /usr/bin/cmake --install /home/ductrung/ros2_ws/build/my_robot_description
[0.543s] -- Install configuration: ""
[0.546s] -- Execute custom install script
[0.553s] -- Up-to-date symlink: /home/ductrung/ros2_ws/install/my_robot_description/share/my_robot_description//urdf/common_properties.xacro
[0.553s] -- Up-to-date symlink: /home/ductrung/ros2_ws/install/my_robot_description/share/my_robot_description//urdf/mobile_base.xacro
[0.556s] -- Up-to-date symlink: /home/ductrung/ros2_ws/install/my_robot_description/share/my_robot_description//urdf/my_robot.urdf.xacro
[0.560s] -- Up-to-date symlink: /home/ductrung/ros2_ws/install/my_robot_description/share/my_robot_description//launch/display.launch.xml
[0.561s] -- Symlinking: /home/ductrung/ros2_ws/install/my_robot_description/share/my_robot_description//meshes/Assem1.STL
[0.604s] -- Up-to-date symlink: /home/ductrung/ros2_ws/install/my_robot_description/share/my_robot_description//meshes/Banh_phu_assems.STL
[0.604s] -- Up-to-date symlink: /home/ductrung/ros2_ws/install/my_robot_description/share/my_robot_description//meshes/Robot_assems_(base).STL
[0.605s] -- Up-to-date symlink: /home/ductrung/ros2_ws/install/my_robot_description/share/my_robot_description//meshes/burger_base.stl
[0.606s] -- Up-to-date symlink: /home/ductrung/ros2_ws/install/my_robot_description/share/my_robot_description//meshes/wheels_left.STL
[0.606s] -- Up-to-date symlink: /home/ductrung/ros2_ws/install/my_robot_description/share/my_robot_description//meshes/wheels_right.STL
[0.607s] -- Up-to-date symlink: /home/ductrung/ros2_ws/install/my_robot_description/share/ament_index/resource_index/package_run_dependencies/my_robot_description
[0.608s] -- Up-to-date symlink: /home/ductrung/ros2_ws/install/my_robot_description/share/ament_index/resource_index/parent_prefix_path/my_robot_description
[0.610s] -- Up-to-date symlink: /home/ductrung/ros2_ws/install/my_robot_description/share/my_robot_description/environment/ament_prefix_path.sh
[0.610s] -- Up-to-date symlink: /home/ductrung/ros2_ws/install/my_robot_description/share/my_robot_description/environment/ament_prefix_path.dsv
[0.610s] -- Up-to-date symlink: /home/ductrung/ros2_ws/install/my_robot_description/share/my_robot_description/environment/path.sh
[0.611s] -- Up-to-date symlink: /home/ductrung/ros2_ws/install/my_robot_description/share/my_robot_description/environment/path.dsv
[0.612s] -- Up-to-date symlink: /home/ductrung/ros2_ws/install/my_robot_description/share/my_robot_description/local_setup.bash
[0.612s] -- Up-to-date symlink: /home/ductrung/ros2_ws/install/my_robot_description/share/my_robot_description/local_setup.sh
[0.613s] -- Up-to-date symlink: /home/ductrung/ros2_ws/install/my_robot_description/share/my_robot_description/local_setup.zsh
[0.614s] -- Up-to-date symlink: /home/ductrung/ros2_ws/install/my_robot_description/share/my_robot_description/local_setup.dsv
[0.614s] -- Symlinking: /home/ductrung/ros2_ws/install/my_robot_description/share/my_robot_description/package.dsv
[0.633s] -- Up-to-date symlink: /home/ductrung/ros2_ws/install/my_robot_description/share/ament_index/resource_index/packages/my_robot_description
[0.634s] -- Up-to-date symlink: /home/ductrung/ros2_ws/install/my_robot_description/share/my_robot_description/cmake/my_robot_descriptionConfig.cmake
[0.634s] -- Up-to-date symlink: /home/ductrung/ros2_ws/install/my_robot_description/share/my_robot_description/cmake/my_robot_descriptionConfig-version.cmake
[0.637s] -- Up-to-date symlink: /home/ductrung/ros2_ws/install/my_robot_description/share/my_robot_description/package.xml
[0.639s] Invoked command in '/home/ductrung/ros2_ws/build/my_robot_description' returned '0': CMAKE_PREFIX_PATH=${CMAKE_PREFIX_PATH}:/opt/ros/humble /usr/bin/cmake --install /home/ductrung/ros2_ws/build/my_robot_description
