[0.348s] DEBUG:colcon:Command line arguments: ['/usr/bin/colcon', 'build']
[0.348s] DEBUG:colcon:Parsed command line arguments: Namespace(log_base=None, log_level=None, verb_name='build', build_base='build', install_base='install', merge_install=False, symlink_install=False, test_result_base=None, continue_on_error=False, executor='parallel', parallel_workers=4, event_handlers=None, ignore_user_meta=False, metas=['./colcon.meta'], base_paths=['.'], packages_ignore=None, packages_ignore_regex=None, paths=None, packages_up_to=None, packages_up_to_regex=None, packages_above=None, packages_above_and_dependencies=None, packages_above_depth=None, packages_select_by_dep=None, packages_skip_by_dep=None, packages_skip_up_to=None, packages_select_build_failed=False, packages_skip_build_finished=False, packages_select_test_failures=False, packages_skip_test_passed=False, packages_select=None, packages_skip=None, packages_select_regex=None, packages_skip_regex=None, packages_start=None, packages_end=None, allow_overriding=[], cmake_args=None, cmake_target=None, cmake_target_skip_unavailable=False, cmake_clean_cache=False, cmake_clean_first=False, cmake_force_configure=False, ament_cmake_args=None, catkin_cmake_args=None, catkin_skip_building_tests=False, mixin_files=None, mixin=None, verb_parser=<colcon_mixin.mixin.mixin_argument.MixinArgumentDecorator object at 0x72d8ba9324a0>, verb_extension=<colcon_core.verb.build.BuildVerb object at 0x72d8ba931fc0>, main=<bound method BuildVerb.main of <colcon_core.verb.build.BuildVerb object at 0x72d8ba931fc0>>, mixin_verb=('build',))
[1.059s] Level 1:colcon.colcon_core.package_discovery:discover_packages(colcon_meta) check parameters
[1.059s] Level 1:colcon.colcon_core.package_discovery:discover_packages(recursive) check parameters
[1.059s] Level 1:colcon.colcon_core.package_discovery:discover_packages(ignore) check parameters
[1.059s] Level 1:colcon.colcon_core.package_discovery:discover_packages(path) check parameters
[1.059s] Level 1:colcon.colcon_core.package_discovery:discover_packages(colcon_meta) discover
[1.059s] Level 1:colcon.colcon_core.package_discovery:discover_packages(recursive) discover
[1.059s] INFO:colcon.colcon_core.package_discovery:Crawling recursively for packages in '/home/ductrung/ros2_ws'
[1.059s] Level 1:colcon.colcon_core.package_identification:_identify(.) by extensions ['ignore', 'ignore_ament_install']
[1.060s] Level 1:colcon.colcon_core.package_identification:_identify(.) by extension 'ignore'
[1.060s] Level 1:colcon.colcon_core.package_identification:_identify(.) by extension 'ignore_ament_install'
[1.060s] Level 1:colcon.colcon_core.package_identification:_identify(.) by extensions ['colcon_pkg']
[1.060s] Level 1:colcon.colcon_core.package_identification:_identify(.) by extension 'colcon_pkg'
[1.060s] Level 1:colcon.colcon_core.package_identification:_identify(.) by extensions ['colcon_meta']
[1.060s] Level 1:colcon.colcon_core.package_identification:_identify(.) by extension 'colcon_meta'
[1.060s] Level 1:colcon.colcon_core.package_identification:_identify(.) by extensions ['ros']
[1.060s] Level 1:colcon.colcon_core.package_identification:_identify(.) by extension 'ros'
[1.102s] Level 1:colcon.colcon_core.package_identification:_identify(.) by extensions ['cmake', 'python']
[1.102s] Level 1:colcon.colcon_core.package_identification:_identify(.) by extension 'cmake'
[1.102s] Level 1:colcon.colcon_core.package_identification:_identify(.) by extension 'python'
[1.102s] Level 1:colcon.colcon_core.package_identification:_identify(.) by extensions ['python_setup_py']
[1.102s] Level 1:colcon.colcon_core.package_identification:_identify(.) by extension 'python_setup_py'
[1.102s] Level 1:colcon.colcon_core.package_identification:_identify(build) by extensions ['ignore', 'ignore_ament_install']
[1.102s] Level 1:colcon.colcon_core.package_identification:_identify(build) by extension 'ignore'
[1.102s] Level 1:colcon.colcon_core.package_identification:_identify(build) ignored
[1.102s] Level 1:colcon.colcon_core.package_identification:_identify(install) by extensions ['ignore', 'ignore_ament_install']
[1.103s] Level 1:colcon.colcon_core.package_identification:_identify(install) by extension 'ignore'
[1.103s] Level 1:colcon.colcon_core.package_identification:_identify(install) ignored
[1.103s] Level 1:colcon.colcon_core.package_identification:_identify(log) by extensions ['ignore', 'ignore_ament_install']
[1.103s] Level 1:colcon.colcon_core.package_identification:_identify(log) by extension 'ignore'
[1.103s] Level 1:colcon.colcon_core.package_identification:_identify(log) ignored
[1.103s] Level 1:colcon.colcon_core.package_identification:_identify(src) by extensions ['ignore', 'ignore_ament_install']
[1.103s] Level 1:colcon.colcon_core.package_identification:_identify(src) by extension 'ignore'
[1.103s] Level 1:colcon.colcon_core.package_identification:_identify(src) by extension 'ignore_ament_install'
[1.103s] Level 1:colcon.colcon_core.package_identification:_identify(src) by extensions ['colcon_pkg']
[1.103s] Level 1:colcon.colcon_core.package_identification:_identify(src) by extension 'colcon_pkg'
[1.103s] Level 1:colcon.colcon_core.package_identification:_identify(src) by extensions ['colcon_meta']
[1.103s] Level 1:colcon.colcon_core.package_identification:_identify(src) by extension 'colcon_meta'
[1.103s] Level 1:colcon.colcon_core.package_identification:_identify(src) by extensions ['ros']
[1.103s] Level 1:colcon.colcon_core.package_identification:_identify(src) by extension 'ros'
[1.103s] Level 1:colcon.colcon_core.package_identification:_identify(src) by extensions ['cmake', 'python']
[1.103s] Level 1:colcon.colcon_core.package_identification:_identify(src) by extension 'cmake'
[1.103s] Level 1:colcon.colcon_core.package_identification:_identify(src) by extension 'python'
[1.103s] Level 1:colcon.colcon_core.package_identification:_identify(src) by extensions ['python_setup_py']
[1.103s] Level 1:colcon.colcon_core.package_identification:_identify(src) by extension 'python_setup_py'
[1.104s] Level 1:colcon.colcon_core.package_identification:_identify(src/build) by extensions ['ignore', 'ignore_ament_install']
[1.104s] Level 1:colcon.colcon_core.package_identification:_identify(src/build) by extension 'ignore'
[1.104s] Level 1:colcon.colcon_core.package_identification:_identify(src/build) ignored
[1.104s] Level 1:colcon.colcon_core.package_identification:_identify(src/install) by extensions ['ignore', 'ignore_ament_install']
[1.104s] Level 1:colcon.colcon_core.package_identification:_identify(src/install) by extension 'ignore'
[1.104s] Level 1:colcon.colcon_core.package_identification:_identify(src/install) ignored
[1.104s] Level 1:colcon.colcon_core.package_identification:_identify(src/log) by extensions ['ignore', 'ignore_ament_install']
[1.104s] Level 1:colcon.colcon_core.package_identification:_identify(src/log) by extension 'ignore'
[1.105s] Level 1:colcon.colcon_core.package_identification:_identify(src/log) ignored
[1.105s] Level 1:colcon.colcon_core.package_identification:_identify(src/my_robot_description) by extensions ['ignore', 'ignore_ament_install']
[1.105s] Level 1:colcon.colcon_core.package_identification:_identify(src/my_robot_description) by extension 'ignore'
[1.105s] Level 1:colcon.colcon_core.package_identification:_identify(src/my_robot_description) by extension 'ignore_ament_install'
[1.105s] Level 1:colcon.colcon_core.package_identification:_identify(src/my_robot_description) by extensions ['colcon_pkg']
[1.105s] Level 1:colcon.colcon_core.package_identification:_identify(src/my_robot_description) by extension 'colcon_pkg'
[1.105s] Level 1:colcon.colcon_core.package_identification:_identify(src/my_robot_description) by extensions ['colcon_meta']
[1.105s] Level 1:colcon.colcon_core.package_identification:_identify(src/my_robot_description) by extension 'colcon_meta'
[1.105s] Level 1:colcon.colcon_core.package_identification:_identify(src/my_robot_description) by extensions ['ros']
[1.105s] Level 1:colcon.colcon_core.package_identification:_identify(src/my_robot_description) by extension 'ros'
[1.107s] DEBUG:colcon.colcon_core.package_identification:Package 'src/my_robot_description' with type 'ros.ament_cmake' and name 'my_robot_description'
[1.107s] Level 1:colcon.colcon_core.package_discovery:discover_packages(recursive) using defaults
[1.107s] Level 1:colcon.colcon_core.package_discovery:discover_packages(ignore) discover
[1.108s] Level 1:colcon.colcon_core.package_discovery:discover_packages(ignore) using defaults
[1.108s] Level 1:colcon.colcon_core.package_discovery:discover_packages(path) discover
[1.108s] Level 1:colcon.colcon_core.package_discovery:discover_packages(path) using defaults
[1.206s] Level 1:colcon.colcon_core.package_discovery:discover_packages(prefix_path) check parameters
[1.206s] Level 1:colcon.colcon_core.package_discovery:discover_packages(prefix_path) discover
[1.214s] DEBUG:colcon.colcon_installed_package_information.package_discovery:Found 1 installed packages in /home/ductrung/ros2_ws/install
[1.215s] DEBUG:colcon.colcon_installed_package_information.package_discovery:Found 319 installed packages in /opt/ros/humble
[1.232s] Level 1:colcon.colcon_core.package_discovery:discover_packages(prefix_path) using defaults
[1.308s] Level 5:colcon.colcon_core.verb:set package 'my_robot_description' build argument 'cmake_args' from command line to 'None'
[1.308s] Level 5:colcon.colcon_core.verb:set package 'my_robot_description' build argument 'cmake_target' from command line to 'None'
[1.308s] Level 5:colcon.colcon_core.verb:set package 'my_robot_description' build argument 'cmake_target_skip_unavailable' from command line to 'False'
[1.308s] Level 5:colcon.colcon_core.verb:set package 'my_robot_description' build argument 'cmake_clean_cache' from command line to 'False'
[1.308s] Level 5:colcon.colcon_core.verb:set package 'my_robot_description' build argument 'cmake_clean_first' from command line to 'False'
[1.308s] Level 5:colcon.colcon_core.verb:set package 'my_robot_description' build argument 'cmake_force_configure' from command line to 'False'
[1.308s] Level 5:colcon.colcon_core.verb:set package 'my_robot_description' build argument 'ament_cmake_args' from command line to 'None'
[1.308s] Level 5:colcon.colcon_core.verb:set package 'my_robot_description' build argument 'catkin_cmake_args' from command line to 'None'
[1.308s] Level 5:colcon.colcon_core.verb:set package 'my_robot_description' build argument 'catkin_skip_building_tests' from command line to 'False'
[1.308s] DEBUG:colcon.colcon_core.verb:Building package 'my_robot_description' with the following arguments: {'ament_cmake_args': None, 'build_base': '/home/ductrung/ros2_ws/build/my_robot_description', 'catkin_cmake_args': None, 'catkin_skip_building_tests': False, 'cmake_args': None, 'cmake_clean_cache': False, 'cmake_clean_first': False, 'cmake_force_configure': False, 'cmake_target': None, 'cmake_target_skip_unavailable': False, 'install_base': '/home/ductrung/ros2_ws/install/my_robot_description', 'merge_install': False, 'path': '/home/ductrung/ros2_ws/src/my_robot_description', 'symlink_install': False, 'test_result_base': None}
[1.308s] INFO:colcon.colcon_core.executor:Executing jobs using 'parallel' executor
[1.310s] DEBUG:colcon.colcon_parallel_executor.executor.parallel:run_until_complete
[1.311s] INFO:colcon.colcon_ros.task.ament_cmake.build:Building ROS package in '/home/ductrung/ros2_ws/src/my_robot_description' with build type 'ament_cmake'
[1.311s] INFO:colcon.colcon_cmake.task.cmake.build:Building CMake package in '/home/ductrung/ros2_ws/src/my_robot_description'
[1.326s] INFO:colcon.colcon_core.plugin_system:Skipping extension 'colcon_core.shell.bat': Not used on non-Windows systems
[1.326s] INFO:colcon.colcon_core.shell:Skip shell extension 'powershell' for command environment: Not usable outside of PowerShell
[1.326s] DEBUG:colcon.colcon_core.shell:Skip shell extension 'dsv' for command environment
[1.347s] DEBUG:colcon.colcon_core.event_handler.log_command:Invoking command in '/home/ductrung/ros2_ws/build/my_robot_description': CMAKE_PREFIX_PATH=${CMAKE_PREFIX_PATH}:/opt/ros/humble /usr/bin/cmake /home/ductrung/ros2_ws/src/my_robot_description -DCMAKE_INSTALL_PREFIX=/home/ductrung/ros2_ws/install/my_robot_description
[2.036s] DEBUG:colcon.colcon_core.event_handler.log_command:Invoked command in '/home/ductrung/ros2_ws/build/my_robot_description' returned '0': CMAKE_PREFIX_PATH=${CMAKE_PREFIX_PATH}:/opt/ros/humble /usr/bin/cmake /home/ductrung/ros2_ws/src/my_robot_description -DCMAKE_INSTALL_PREFIX=/home/ductrung/ros2_ws/install/my_robot_description
[2.039s] DEBUG:colcon.colcon_core.event_handler.log_command:Invoking command in '/home/ductrung/ros2_ws/build/my_robot_description': CMAKE_PREFIX_PATH=${CMAKE_PREFIX_PATH}:/opt/ros/humble /usr/bin/cmake --build /home/ductrung/ros2_ws/build/my_robot_description -- -j4 -l4
[2.086s] DEBUG:colcon.colcon_core.event_handler.log_command:Invoked command in '/home/ductrung/ros2_ws/build/my_robot_description' returned '0': CMAKE_PREFIX_PATH=${CMAKE_PREFIX_PATH}:/opt/ros/humble /usr/bin/cmake --build /home/ductrung/ros2_ws/build/my_robot_description -- -j4 -l4
[2.193s] DEBUG:colcon.colcon_core.event_handler.log_command:Invoking command in '/home/ductrung/ros2_ws/build/my_robot_description': CMAKE_PREFIX_PATH=${CMAKE_PREFIX_PATH}:/opt/ros/humble /usr/bin/cmake --install /home/ductrung/ros2_ws/build/my_robot_description
[2.263s] Level 1:colcon.colcon_core.environment:create_environment_scripts_only(my_robot_description)
[2.264s] DEBUG:colcon.colcon_core.event_handler.log_command:Invoked command in '/home/ductrung/ros2_ws/build/my_robot_description' returned '0': CMAKE_PREFIX_PATH=${CMAKE_PREFIX_PATH}:/opt/ros/humble /usr/bin/cmake --install /home/ductrung/ros2_ws/build/my_robot_description
[2.282s] Level 1:colcon.colcon_core.environment:checking '/home/ductrung/ros2_ws/install/my_robot_description' for CMake module files
[2.294s] Level 1:colcon.colcon_core.environment:checking '/home/ductrung/ros2_ws/install/my_robot_description' for CMake config files
[2.294s] Level 1:colcon.colcon_core.shell:create_environment_hook('my_robot_description', 'cmake_prefix_path')
[2.297s] INFO:colcon.colcon_core.shell:Creating environment hook '/home/ductrung/ros2_ws/install/my_robot_description/share/my_robot_description/hook/cmake_prefix_path.ps1'
[2.307s] INFO:colcon.colcon_core.shell:Creating environment descriptor '/home/ductrung/ros2_ws/install/my_robot_description/share/my_robot_description/hook/cmake_prefix_path.dsv'
[2.308s] INFO:colcon.colcon_core.shell:Creating environment hook '/home/ductrung/ros2_ws/install/my_robot_description/share/my_robot_description/hook/cmake_prefix_path.sh'
[2.312s] Level 1:colcon.colcon_core.environment:checking '/home/ductrung/ros2_ws/install/my_robot_description/bin'
[2.313s] Level 1:colcon.colcon_core.environment:checking '/home/ductrung/ros2_ws/install/my_robot_description/lib/pkgconfig/my_robot_description.pc'
[2.313s] Level 1:colcon.colcon_core.environment:checking '/home/ductrung/ros2_ws/install/my_robot_description/lib/python3.10/site-packages'
[2.313s] Level 1:colcon.colcon_core.environment:checking '/home/ductrung/ros2_ws/install/my_robot_description/bin'
[2.313s] INFO:colcon.colcon_core.shell:Creating package script '/home/ductrung/ros2_ws/install/my_robot_description/share/my_robot_description/package.ps1'
[2.316s] INFO:colcon.colcon_core.shell:Creating package descriptor '/home/ductrung/ros2_ws/install/my_robot_description/share/my_robot_description/package.dsv'
[2.317s] INFO:colcon.colcon_core.shell:Creating package script '/home/ductrung/ros2_ws/install/my_robot_description/share/my_robot_description/package.sh'
[2.329s] INFO:colcon.colcon_core.shell:Creating package script '/home/ductrung/ros2_ws/install/my_robot_description/share/my_robot_description/package.bash'
[2.332s] INFO:colcon.colcon_core.shell:Creating package script '/home/ductrung/ros2_ws/install/my_robot_description/share/my_robot_description/package.zsh'
[2.335s] Level 1:colcon.colcon_core.environment:create_file_with_runtime_dependencies(/home/ductrung/ros2_ws/install/my_robot_description/share/colcon-core/packages/my_robot_description)
[2.470s] Level 1:colcon.colcon_core.environment:create_environment_scripts_only(my_robot_description)
[2.471s] Level 1:colcon.colcon_core.environment:checking '/home/ductrung/ros2_ws/install/my_robot_description' for CMake module files
[2.472s] Level 1:colcon.colcon_core.environment:checking '/home/ductrung/ros2_ws/install/my_robot_description' for CMake config files
[2.472s] Level 1:colcon.colcon_core.shell:create_environment_hook('my_robot_description', 'cmake_prefix_path')
[2.472s] INFO:colcon.colcon_core.shell:Creating environment hook '/home/ductrung/ros2_ws/install/my_robot_description/share/my_robot_description/hook/cmake_prefix_path.ps1'
[2.474s] INFO:colcon.colcon_core.shell:Creating environment descriptor '/home/ductrung/ros2_ws/install/my_robot_description/share/my_robot_description/hook/cmake_prefix_path.dsv'
[2.475s] INFO:colcon.colcon_core.shell:Creating environment hook '/home/ductrung/ros2_ws/install/my_robot_description/share/my_robot_description/hook/cmake_prefix_path.sh'
[2.477s] Level 1:colcon.colcon_core.environment:checking '/home/ductrung/ros2_ws/install/my_robot_description/bin'
[2.477s] Level 1:colcon.colcon_core.environment:checking '/home/ductrung/ros2_ws/install/my_robot_description/lib/pkgconfig/my_robot_description.pc'
[2.477s] Level 1:colcon.colcon_core.environment:checking '/home/ductrung/ros2_ws/install/my_robot_description/lib/python3.10/site-packages'
[2.477s] Level 1:colcon.colcon_core.environment:checking '/home/ductrung/ros2_ws/install/my_robot_description/bin'
[2.478s] INFO:colcon.colcon_core.shell:Creating package script '/home/ductrung/ros2_ws/install/my_robot_description/share/my_robot_description/package.ps1'
[2.479s] INFO:colcon.colcon_core.shell:Creating package descriptor '/home/ductrung/ros2_ws/install/my_robot_description/share/my_robot_description/package.dsv'
[2.481s] INFO:colcon.colcon_core.shell:Creating package script '/home/ductrung/ros2_ws/install/my_robot_description/share/my_robot_description/package.sh'
[2.493s] INFO:colcon.colcon_core.shell:Creating package script '/home/ductrung/ros2_ws/install/my_robot_description/share/my_robot_description/package.bash'
[2.499s] INFO:colcon.colcon_core.shell:Creating package script '/home/ductrung/ros2_ws/install/my_robot_description/share/my_robot_description/package.zsh'
[2.501s] Level 1:colcon.colcon_core.environment:create_file_with_runtime_dependencies(/home/ductrung/ros2_ws/install/my_robot_description/share/colcon-core/packages/my_robot_description)
[2.501s] DEBUG:colcon.colcon_parallel_executor.executor.parallel:closing loop
[2.501s] DEBUG:colcon.colcon_parallel_executor.executor.parallel:loop closed
[2.501s] DEBUG:colcon.colcon_parallel_executor.executor.parallel:run_until_complete finished with '0'
[2.501s] DEBUG:colcon.colcon_core.event_reactor:joining thread
[2.551s] INFO:colcon.colcon_core.plugin_system:Skipping extension 'colcon_notification.desktop_notification.terminal_notifier': Not used on non-Darwin systems
[2.551s] INFO:colcon.colcon_core.plugin_system:Skipping extension 'colcon_notification.desktop_notification.win32': Not used on non-Windows systems
[2.551s] INFO:colcon.colcon_notification.desktop_notification:Sending desktop notification using 'notify2'
[2.667s] DEBUG:colcon.colcon_core.event_reactor:joined thread
[2.667s] INFO:colcon.colcon_core.shell:Creating prefix script '/home/ductrung/ros2_ws/install/local_setup.ps1'
[2.670s] INFO:colcon.colcon_core.shell:Creating prefix util module '/home/ductrung/ros2_ws/install/_local_setup_util_ps1.py'
[2.672s] INFO:colcon.colcon_core.shell:Creating prefix chain script '/home/ductrung/ros2_ws/install/setup.ps1'
[2.674s] INFO:colcon.colcon_core.shell:Creating prefix script '/home/ductrung/ros2_ws/install/local_setup.sh'
[2.677s] INFO:colcon.colcon_core.shell:Creating prefix util module '/home/ductrung/ros2_ws/install/_local_setup_util_sh.py'
[2.678s] INFO:colcon.colcon_core.shell:Creating prefix chain script '/home/ductrung/ros2_ws/install/setup.sh'
[2.680s] INFO:colcon.colcon_core.shell:Creating prefix script '/home/ductrung/ros2_ws/install/local_setup.bash'
[2.681s] INFO:colcon.colcon_core.shell:Creating prefix chain script '/home/ductrung/ros2_ws/install/setup.bash'
[2.683s] INFO:colcon.colcon_core.shell:Creating prefix script '/home/ductrung/ros2_ws/install/local_setup.zsh'
[2.686s] INFO:colcon.colcon_core.shell:Creating prefix chain script '/home/ductrung/ros2_ws/install/setup.zsh'
